2021-11-08 13:42:20.912  INFO 15992 --- [main] SpringBootCoreDataJpaMvcRest1Application : Starting TimesheetSpringBootCoreDataJpaMvcRest1Application on DESKTOP-E0FQ2DM with PID 15992 (C:\Users\RANIA\Desktop\devops\Timesheet-spring-boot-core-data-jpa-mvc-REST-1\target\classes started by RANIA in C:\Users\RANIA\Desktop\devops\Timesheet-spring-boot-core-data-jpa-mvc-REST-1)
2021-11-08 13:42:20.933  INFO 15992 --- [main] SpringBootCoreDataJpaMvcRest1Application : No active profile set, falling back to default profiles: default
2021-11-08 13:42:22.698  INFO 15992 --- [main] .s.d.r.c.RepositoryConfigurationDelegate : Bootstrapping Spring Data repositories in DEFAULT mode.
2021-11-08 13:42:23.002  INFO 15992 --- [main] .s.d.r.c.RepositoryConfigurationDelegate : Finished Spring Data repository scanning in 287ms. Found 6 repository interfaces.
2021-11-08 13:42:23.672  INFO 15992 --- [main] trationDelegate$BeanPostProcessorChecker : Bean 'org.springframework.transaction.annotation.ProxyTransactionManagementConfiguration' of type [org.springframework.transaction.annotation.ProxyTransactionManagementConfiguration$$EnhancerBySpringCGLIB$$ac0a2822] is not eligible for getting processed by all BeanPostProcessors (for example: not eligible for auto-proxying)
2021-11-08 13:42:24.455  INFO 15992 --- [main] o.s.b.w.embedded.tomcat.TomcatWebServer  : Tomcat initialized with port(s): 8082 (http)
2021-11-08 13:42:24.492  INFO 15992 --- [main] o.apache.catalina.core.StandardService   : Starting service [Tomcat]
2021-11-08 13:42:24.493  INFO 15992 --- [main] org.apache.catalina.core.StandardEngine  : Starting Servlet engine: [Apache Tomcat/9.0.17]
2021-11-08 13:42:24.754  INFO 15992 --- [main] o.a.c.c.C.[.[localhost].[/SpringMVC]     : Initializing Spring embedded WebApplicationContext
2021-11-08 13:42:24.755  INFO 15992 --- [main] o.s.web.context.ContextLoader            : Root WebApplicationContext: initialization completed in 3679 ms
2021-11-08 13:42:25.103  INFO 15992 --- [main] com.zaxxer.hikari.HikariDataSource       : HikariPool-1 - Starting...
2021-11-08 13:42:25.314  INFO 15992 --- [main] com.zaxxer.hikari.HikariDataSource       : HikariPool-1 - Start completed.
2021-11-08 13:42:25.536  INFO 15992 --- [main] o.hibernate.jpa.internal.util.LogHelper  : HHH000204: Processing PersistenceUnitInfo [
	name: default
	...]
2021-11-08 13:42:25.826  INFO 15992 --- [main] org.hibernate.Version                    : HHH000412: Hibernate Core {5.3.9.Final}
2021-11-08 13:42:25.829  INFO 15992 --- [main] org.hibernate.cfg.Environment            : HHH000206: hibernate.properties not found
2021-11-08 13:42:26.127  INFO 15992 --- [main] o.hibernate.annotations.common.Version   : HCANN000001: Hibernate Commons Annotations {5.0.4.Final}
2021-11-08 13:42:26.460  INFO 15992 --- [main] org.hibernate.dialect.Dialect            : HHH000400: Using dialect: org.hibernate.dialect.MySQL5Dialect
2021-11-08 13:42:28.071  INFO 15992 --- [main] j.LocalContainerEntityManagerFactoryBean : Initialized JPA EntityManagerFactory for persistence unit 'default'
2021-11-08 13:42:28.724  INFO 15992 --- [main] o.h.h.i.QueryTranslatorFactoryInitiator  : HHH000397: Using ASTQueryTranslatorFactory
2021-11-08 13:42:29.291  INFO 15992 --- [main] o.s.s.concurrent.ThreadPoolTaskExecutor  : Initializing ExecutorService 'applicationTaskExecutor'
2021-11-08 13:42:29.355  WARN 15992 --- [main] aWebConfiguration$JpaWebMvcConfiguration : spring.jpa.open-in-view is enabled by default. Therefore, database queries may be performed during view rendering. Explicitly configure spring.jpa.open-in-view to disable this warning
2021-11-08 13:42:29.703  INFO 15992 --- [main] o.s.b.w.embedded.tomcat.TomcatWebServer  : Tomcat started on port(s): 8082 (http) with context path '/SpringMVC'
2021-11-08 13:42:29.708  INFO 15992 --- [main] SpringBootCoreDataJpaMvcRest1Application : Started TimesheetSpringBootCoreDataJpaMvcRest1Application in 9.895 seconds (JVM running for 12.273)
2021-11-08 13:45:21.214  INFO 13896 --- [main] t.e.s.test.TimesheetServiceImplTest      : Starting TimesheetServiceImplTest on DESKTOP-E0FQ2DM with PID 13896 (started by RANIA in C:\Users\RANIA\Desktop\devops\Timesheet-spring-boot-core-data-jpa-mvc-REST-1)
2021-11-08 13:45:21.217  INFO 13896 --- [main] t.e.s.test.TimesheetServiceImplTest      : No active profile set, falling back to default profiles: default
2021-11-08 13:45:24.077  INFO 13896 --- [main] .s.d.r.c.RepositoryConfigurationDelegate : Bootstrapping Spring Data repositories in DEFAULT mode.
2021-11-08 13:45:24.338  INFO 13896 --- [main] .s.d.r.c.RepositoryConfigurationDelegate : Finished Spring Data repository scanning in 237ms. Found 6 repository interfaces.
2021-11-08 13:45:25.405  INFO 13896 --- [main] trationDelegate$BeanPostProcessorChecker : Bean 'org.springframework.transaction.annotation.ProxyTransactionManagementConfiguration' of type [org.springframework.transaction.annotation.ProxyTransactionManagementConfiguration$$EnhancerBySpringCGLIB$$314ab59] is not eligible for getting processed by all BeanPostProcessors (for example: not eligible for auto-proxying)
2021-11-08 13:45:26.025  INFO 13896 --- [main] com.zaxxer.hikari.HikariDataSource       : HikariPool-1 - Starting...
2021-11-08 13:45:26.481  INFO 13896 --- [main] com.zaxxer.hikari.HikariDataSource       : HikariPool-1 - Start completed.
2021-11-08 13:45:26.730  INFO 13896 --- [main] o.hibernate.jpa.internal.util.LogHelper  : HHH000204: Processing PersistenceUnitInfo [
	name: default
	...]
2021-11-08 13:45:27.033  INFO 13896 --- [main] org.hibernate.Version                    : HHH000412: Hibernate Core {5.3.9.Final}
2021-11-08 13:45:27.039  INFO 13896 --- [main] org.hibernate.cfg.Environment            : HHH000206: hibernate.properties not found
2021-11-08 13:45:27.504  INFO 13896 --- [main] o.hibernate.annotations.common.Version   : HCANN000001: Hibernate Commons Annotations {5.0.4.Final}
2021-11-08 13:45:28.869  INFO 13896 --- [main] org.hibernate.dialect.Dialect            : HHH000400: Using dialect: org.hibernate.dialect.MySQL5Dialect
2021-11-08 13:45:31.457  INFO 13896 --- [main] j.LocalContainerEntityManagerFactoryBean : Initialized JPA EntityManagerFactory for persistence unit 'default'
2021-11-08 13:45:32.425  INFO 13896 --- [main] o.h.h.i.QueryTranslatorFactoryInitiator  : HHH000397: Using ASTQueryTranslatorFactory
2021-11-08 13:45:35.502  INFO 13896 --- [main] o.s.s.concurrent.ThreadPoolTaskExecutor  : Initializing ExecutorService 'applicationTaskExecutor'
2021-11-08 13:45:36.002  WARN 13896 --- [main] aWebConfiguration$JpaWebMvcConfiguration : spring.jpa.open-in-view is enabled by default. Therefore, database queries may be performed during view rendering. Explicitly configure spring.jpa.open-in-view to disable this warning
2021-11-08 13:45:37.521  INFO 13896 --- [main] t.e.s.test.TimesheetServiceImplTest      : Started TimesheetServiceImplTest in 17.391 seconds (JVM running for 19.407)
2021-11-08 13:45:38.501  INFO 13896 --- [Thread-2] o.s.s.concurrent.ThreadPoolTaskExecutor  : Shutting down ExecutorService 'applicationTaskExecutor'
2021-11-08 13:45:38.507  INFO 13896 --- [Thread-2] j.LocalContainerEntityManagerFactoryBean : Closing JPA EntityManagerFactory for persistence unit 'default'
2021-11-08 13:45:38.512  INFO 13896 --- [Thread-2] com.zaxxer.hikari.HikariDataSource       : HikariPool-1 - Shutdown initiated...
2021-11-08 13:45:38.537  INFO 13896 --- [Thread-2] com.zaxxer.hikari.HikariDataSource       : HikariPool-1 - Shutdown completed.
2021-11-08 14:19:09.976  WARN 15992 --- [HikariPool-1 housekeeper] com.zaxxer.hikari.pool.HikariPool        : HikariPool-1 - Thread starvation or clock leap detected (housekeeper delta=31m14s398ms127µs200ns).
2021-11-08 14:46:09.890  INFO 17320 --- [main] t.e.s.test.TimesheetServiceImplTest      : Starting TimesheetServiceImplTest on DESKTOP-E0FQ2DM with PID 17320 (started by RANIA in C:\Users\RANIA\Desktop\devops\Timesheet-spring-boot-core-data-jpa-mvc-REST-1)
2021-11-08 14:46:09.893  INFO 17320 --- [main] t.e.s.test.TimesheetServiceImplTest      : No active profile set, falling back to default profiles: default
2021-11-08 14:46:12.181  INFO 17320 --- [main] .s.d.r.c.RepositoryConfigurationDelegate : Bootstrapping Spring Data repositories in DEFAULT mode.
2021-11-08 14:46:12.559  INFO 17320 --- [main] .s.d.r.c.RepositoryConfigurationDelegate : Finished Spring Data repository scanning in 350ms. Found 6 repository interfaces.
2021-11-08 14:46:13.984  INFO 17320 --- [main] trationDelegate$BeanPostProcessorChecker : Bean 'org.springframework.transaction.annotation.ProxyTransactionManagementConfiguration' of type [org.springframework.transaction.annotation.ProxyTransactionManagementConfiguration$$EnhancerBySpringCGLIB$$5222a124] is not eligible for getting processed by all BeanPostProcessors (for example: not eligible for auto-proxying)
2021-11-08 14:46:15.653  INFO 17320 --- [main] com.zaxxer.hikari.HikariDataSource       : HikariPool-1 - Starting...
2021-11-08 14:46:16.463  INFO 17320 --- [main] com.zaxxer.hikari.HikariDataSource       : HikariPool-1 - Start completed.
2021-11-08 14:46:16.958  INFO 17320 --- [main] o.hibernate.jpa.internal.util.LogHelper  : HHH000204: Processing PersistenceUnitInfo [
	name: default
	...]
2021-11-08 14:46:17.492  INFO 17320 --- [main] org.hibernate.Version                    : HHH000412: Hibernate Core {5.3.9.Final}
2021-11-08 14:46:17.508  INFO 17320 --- [main] org.hibernate.cfg.Environment            : HHH000206: hibernate.properties not found
2021-11-08 14:46:18.293  INFO 17320 --- [main] o.hibernate.annotations.common.Version   : HCANN000001: Hibernate Commons Annotations {5.0.4.Final}
2021-11-08 14:46:20.054  INFO 17320 --- [main] org.hibernate.dialect.Dialect            : HHH000400: Using dialect: org.hibernate.dialect.MySQL5Dialect
2021-11-08 14:46:23.200  INFO 17320 --- [main] j.LocalContainerEntityManagerFactoryBean : Initialized JPA EntityManagerFactory for persistence unit 'default'
2021-11-08 14:46:24.258  INFO 17320 --- [main] o.h.h.i.QueryTranslatorFactoryInitiator  : HHH000397: Using ASTQueryTranslatorFactory
2021-11-08 14:46:27.851  INFO 17320 --- [main] o.s.s.concurrent.ThreadPoolTaskExecutor  : Initializing ExecutorService 'applicationTaskExecutor'
2021-11-08 14:46:28.105  WARN 17320 --- [main] aWebConfiguration$JpaWebMvcConfiguration : spring.jpa.open-in-view is enabled by default. Therefore, database queries may be performed during view rendering. Explicitly configure spring.jpa.open-in-view to disable this warning
2021-11-08 14:46:30.395  INFO 17320 --- [main] t.e.s.test.TimesheetServiceImplTest      : Started TimesheetServiceImplTest in 21.365 seconds (JVM running for 23.657)
2021-11-08 14:46:31.584  INFO 17320 --- [main] t.e.s.test.TimesheetServiceImplTest      : In ValiderTimeSheet() :
2021-11-08 14:46:31.587  INFO 17320 --- [main] t.e.s.services.TimesheetServiceImpl      : In valider Timesheet
2021-11-08 14:46:31.660  INFO 17320 --- [main] o.h.e.internal.DefaultLoadEventListener  : HHH000327: Error performing load command : org.hibernate.WrongClassException: Object [id=1] was not of the specified subclass [tn.esprit.spring.entities.Mission] : Discriminator: 

org.hibernate.WrongClassException: Object [id=1] was not of the specified subclass [tn.esprit.spring.entities.Mission] : Discriminator: 
	at org.hibernate.loader.plan.exec.process.internal.EntityReferenceInitializerImpl.getConcreteEntityTypeName(EntityReferenceInitializerImpl.java:418) ~[hibernate-core-5.3.9.Final.jar:5.3.9.Final]
	at org.hibernate.loader.plan.exec.process.internal.EntityReferenceInitializerImpl.hydrateEntityState(EntityReferenceInitializerImpl.java:217) ~[hibernate-core-5.3.9.Final.jar:5.3.9.Final]
	at org.hibernate.loader.plan.exec.process.internal.AbstractRowReader.readRow(AbstractRowReader.java:103) ~[hibernate-core-5.3.9.Final.jar:5.3.9.Final]
	at org.hibernate.loader.plan.exec.internal.EntityLoadQueryDetails$EntityLoaderRowReader.readRow(EntityLoadQueryDetails.java:254) ~[hibernate-core-5.3.9.Final.jar:5.3.9.Final]
	at org.hibernate.loader.plan.exec.process.internal.ResultSetProcessorImpl.extractResults(ResultSetProcessorImpl.java:122) ~[hibernate-core-5.3.9.Final.jar:5.3.9.Final]
	at org.hibernate.loader.plan.exec.internal.AbstractLoadPlanBasedLoader.executeLoad(AbstractLoadPlanBasedLoader.java:122) ~[hibernate-core-5.3.9.Final.jar:5.3.9.Final]
	at org.hibernate.loader.plan.exec.internal.AbstractLoadPlanBasedLoader.executeLoad(AbstractLoadPlanBasedLoader.java:86) ~[hibernate-core-5.3.9.Final.jar:5.3.9.Final]
	at org.hibernate.loader.entity.plan.AbstractLoadPlanBasedEntityLoader.load(AbstractLoadPlanBasedEntityLoader.java:188) ~[hibernate-core-5.3.9.Final.jar:5.3.9.Final]
	at org.hibernate.persister.entity.AbstractEntityPersister.load(AbstractEntityPersister.java:4271) ~[hibernate-core-5.3.9.Final.jar:5.3.9.Final]
	at org.hibernate.event.internal.DefaultLoadEventListener.loadFromDatasource(DefaultLoadEventListener.java:511) [hibernate-core-5.3.9.Final.jar:5.3.9.Final]
	at org.hibernate.event.internal.DefaultLoadEventListener.doLoad(DefaultLoadEventListener.java:481) [hibernate-core-5.3.9.Final.jar:5.3.9.Final]
	at org.hibernate.event.internal.DefaultLoadEventListener.load(DefaultLoadEventListener.java:222) [hibernate-core-5.3.9.Final.jar:5.3.9.Final]
	at org.hibernate.event.internal.DefaultLoadEventListener.proxyOrLoad(DefaultLoadEventListener.java:281) [hibernate-core-5.3.9.Final.jar:5.3.9.Final]
	at org.hibernate.event.internal.DefaultLoadEventListener.doOnLoad(DefaultLoadEventListener.java:124) [hibernate-core-5.3.9.Final.jar:5.3.9.Final]
	at org.hibernate.event.internal.DefaultLoadEventListener.onLoad(DefaultLoadEventListener.java:92) [hibernate-core-5.3.9.Final.jar:5.3.9.Final]
	at org.hibernate.internal.SessionImpl.fireLoad(SessionImpl.java:1256) [hibernate-core-5.3.9.Final.jar:5.3.9.Final]
	at org.hibernate.internal.SessionImpl.access$1900(SessionImpl.java:207) [hibernate-core-5.3.9.Final.jar:5.3.9.Final]
	at org.hibernate.internal.SessionImpl$IdentifierLoadAccessImpl.doLoad(SessionImpl.java:2873) [hibernate-core-5.3.9.Final.jar:5.3.9.Final]
	at org.hibernate.internal.SessionImpl$IdentifierLoadAccessImpl.load(SessionImpl.java:2847) [hibernate-core-5.3.9.Final.jar:5.3.9.Final]
	at org.hibernate.internal.SessionImpl.find(SessionImpl.java:3482) [hibernate-core-5.3.9.Final.jar:5.3.9.Final]
	at org.hibernate.internal.SessionImpl.find(SessionImpl.java:3451) [hibernate-core-5.3.9.Final.jar:5.3.9.Final]
	at sun.reflect.NativeMethodAccessorImpl.invoke0(Native Method) ~[na:1.8.0_60]
	at sun.reflect.NativeMethodAccessorImpl.invoke(NativeMethodAccessorImpl.java:62) ~[na:1.8.0_60]
	at sun.reflect.DelegatingMethodAccessorImpl.invoke(DelegatingMethodAccessorImpl.java:43) ~[na:1.8.0_60]
	at java.lang.reflect.Method.invoke(Method.java:497) ~[na:1.8.0_60]
	at org.springframework.orm.jpa.SharedEntityManagerCreator$SharedEntityManagerInvocationHandler.invoke(SharedEntityManagerCreator.java:308) [spring-orm-5.1.6.RELEASE.jar:5.1.6.RELEASE]
	at com.sun.proxy.$Proxy99.find(Unknown Source) [na:na]
	at org.springframework.data.jpa.repository.support.SimpleJpaRepository.findById(SimpleJpaRepository.java:234) [spring-data-jpa-2.1.6.RELEASE.jar:2.1.6.RELEASE]
	at sun.reflect.NativeMethodAccessorImpl.invoke0(Native Method) ~[na:1.8.0_60]
	at sun.reflect.NativeMethodAccessorImpl.invoke(NativeMethodAccessorImpl.java:62) ~[na:1.8.0_60]
	at sun.reflect.DelegatingMethodAccessorImpl.invoke(DelegatingMethodAccessorImpl.java:43) ~[na:1.8.0_60]
	at java.lang.reflect.Method.invoke(Method.java:497) ~[na:1.8.0_60]
	at org.springframework.data.repository.core.support.RepositoryComposition$RepositoryFragments.invoke(RepositoryComposition.java:359) [spring-data-commons-2.1.6.RELEASE.jar:2.1.6.RELEASE]
	at org.springframework.data.repository.core.support.RepositoryComposition.invoke(RepositoryComposition.java:200) [spring-data-commons-2.1.6.RELEASE.jar:2.1.6.RELEASE]
	at org.springframework.data.repository.core.support.RepositoryFactorySupport$ImplementationMethodExecutionInterceptor.invoke(RepositoryFactorySupport.java:644) [spring-data-commons-2.1.6.RELEASE.jar:2.1.6.RELEASE]
	at org.springframework.aop.framework.ReflectiveMethodInvocation.proceed(ReflectiveMethodInvocation.java:186) [spring-aop-5.1.6.RELEASE.jar:5.1.6.RELEASE]
	at org.springframework.data.repository.core.support.RepositoryFactorySupport$QueryExecutorMethodInterceptor.doInvoke(RepositoryFactorySupport.java:608) [spring-data-commons-2.1.6.RELEASE.jar:2.1.6.RELEASE]
	at org.springframework.data.repository.core.support.RepositoryFactorySupport$QueryExecutorMethodInterceptor.lambda$invoke$3(RepositoryFactorySupport.java:595) [spring-data-commons-2.1.6.RELEASE.jar:2.1.6.RELEASE]
	at org.springframework.data.repository.core.support.RepositoryFactorySupport$QueryExecutorMethodInterceptor.invoke(RepositoryFactorySupport.java:595) [spring-data-commons-2.1.6.RELEASE.jar:2.1.6.RELEASE]
	at org.springframework.aop.framework.ReflectiveMethodInvocation.proceed(ReflectiveMethodInvocation.java:186) [spring-aop-5.1.6.RELEASE.jar:5.1.6.RELEASE]
	at org.springframework.data.projection.DefaultMethodInvokingMethodInterceptor.invoke(DefaultMethodInvokingMethodInterceptor.java:59) ~[spring-data-commons-2.1.6.RELEASE.jar:2.1.6.RELEASE]
	at org.springframework.aop.framework.ReflectiveMethodInvocation.proceed(ReflectiveMethodInvocation.java:186) [spring-aop-5.1.6.RELEASE.jar:5.1.6.RELEASE]
	at org.springframework.transaction.interceptor.TransactionAspectSupport.invokeWithinTransaction(TransactionAspectSupport.java:294) ~[spring-tx-5.1.6.RELEASE.jar:5.1.6.RELEASE]
	at org.springframework.transaction.interceptor.TransactionInterceptor.invoke(TransactionInterceptor.java:98) ~[spring-tx-5.1.6.RELEASE.jar:5.1.6.RELEASE]
	at org.springframework.aop.framework.ReflectiveMethodInvocation.proceed(ReflectiveMethodInvocation.java:186) [spring-aop-5.1.6.RELEASE.jar:5.1.6.RELEASE]
	at org.springframework.dao.support.PersistenceExceptionTranslationInterceptor.invoke(PersistenceExceptionTranslationInterceptor.java:139) ~[spring-tx-5.1.6.RELEASE.jar:5.1.6.RELEASE]
	at org.springframework.aop.framework.ReflectiveMethodInvocation.proceed(ReflectiveMethodInvocation.java:186) [spring-aop-5.1.6.RELEASE.jar:5.1.6.RELEASE]
	at org.springframework.data.jpa.repository.support.CrudMethodMetadataPostProcessor$CrudMethodMetadataPopulatingMethodInterceptor.invoke(CrudMethodMetadataPostProcessor.java:138) ~[spring-data-jpa-2.1.6.RELEASE.jar:2.1.6.RELEASE]
	at org.springframework.aop.framework.ReflectiveMethodInvocation.proceed(ReflectiveMethodInvocation.java:186) [spring-aop-5.1.6.RELEASE.jar:5.1.6.RELEASE]
	at org.springframework.aop.interceptor.ExposeInvocationInterceptor.invoke(ExposeInvocationInterceptor.java:93) ~[spring-aop-5.1.6.RELEASE.jar:5.1.6.RELEASE]
	at org.springframework.aop.framework.ReflectiveMethodInvocation.proceed(ReflectiveMethodInvocation.java:186) [spring-aop-5.1.6.RELEASE.jar:5.1.6.RELEASE]
	at org.springframework.data.repository.core.support.SurroundingTransactionDetectorMethodInterceptor.invoke(SurroundingTransactionDetectorMethodInterceptor.java:61) ~[spring-data-commons-2.1.6.RELEASE.jar:2.1.6.RELEASE]
	at org.springframework.aop.framework.ReflectiveMethodInvocation.proceed(ReflectiveMethodInvocation.java:186) [spring-aop-5.1.6.RELEASE.jar:5.1.6.RELEASE]
	at org.springframework.aop.framework.JdkDynamicAopProxy.invoke(JdkDynamicAopProxy.java:212) ~[spring-aop-5.1.6.RELEASE.jar:5.1.6.RELEASE]
	at com.sun.proxy.$Proxy108.findById(Unknown Source) ~[na:na]
	at tn.esprit.spring.services.TimesheetServiceImpl.validerTimesheet(TimesheetServiceImpl.java:77) ~[classes/:na]
	at tn.esprit.spring.test.TimesheetServiceImplTest.testValiderTimeSheet(TimesheetServiceImplTest.java:65) ~[test-classes/:na]
	at sun.reflect.NativeMethodAccessorImpl.invoke0(Native Method) ~[na:1.8.0_60]
	at sun.reflect.NativeMethodAccessorImpl.invoke(NativeMethodAccessorImpl.java:62) ~[na:1.8.0_60]
	at sun.reflect.DelegatingMethodAccessorImpl.invoke(DelegatingMethodAccessorImpl.java:43) ~[na:1.8.0_60]
	at java.lang.reflect.Method.invoke(Method.java:497) ~[na:1.8.0_60]
	at org.junit.runners.model.FrameworkMethod$1.runReflectiveCall(FrameworkMethod.java:50) ~[junit-4.12.jar:4.12]
	at org.junit.internal.runners.model.ReflectiveCallable.run(ReflectiveCallable.java:12) ~[junit-4.12.jar:4.12]
	at org.junit.runners.model.FrameworkMethod.invokeExplosively(FrameworkMethod.java:47) ~[junit-4.12.jar:4.12]
	at org.junit.internal.runners.statements.InvokeMethod.evaluate(InvokeMethod.java:17) ~[junit-4.12.jar:4.12]
	at org.springframework.test.context.junit4.statements.RunBeforeTestExecutionCallbacks.evaluate(RunBeforeTestExecutionCallbacks.java:74) ~[spring-test-5.1.6.RELEASE.jar:5.1.6.RELEASE]
	at org.springframework.test.context.junit4.statements.RunAfterTestExecutionCallbacks.evaluate(RunAfterTestExecutionCallbacks.java:84) ~[spring-test-5.1.6.RELEASE.jar:5.1.6.RELEASE]
	at org.springframework.test.context.junit4.statements.RunBeforeTestMethodCallbacks.evaluate(RunBeforeTestMethodCallbacks.java:75) ~[spring-test-5.1.6.RELEASE.jar:5.1.6.RELEASE]
	at org.springframework.test.context.junit4.statements.RunAfterTestMethodCallbacks.evaluate(RunAfterTestMethodCallbacks.java:86) ~[spring-test-5.1.6.RELEASE.jar:5.1.6.RELEASE]
	at org.springframework.test.context.junit4.statements.SpringRepeat.evaluate(SpringRepeat.java:84) ~[spring-test-5.1.6.RELEASE.jar:5.1.6.RELEASE]
	at org.junit.runners.ParentRunner.runLeaf(ParentRunner.java:325) ~[junit-4.12.jar:4.12]
	at org.springframework.test.context.junit4.SpringJUnit4ClassRunner.runChild(SpringJUnit4ClassRunner.java:251) ~[spring-test-5.1.6.RELEASE.jar:5.1.6.RELEASE]
	at org.springframework.test.context.junit4.SpringJUnit4ClassRunner.runChild(SpringJUnit4ClassRunner.java:97) ~[spring-test-5.1.6.RELEASE.jar:5.1.6.RELEASE]
	at org.junit.runners.ParentRunner$3.run(ParentRunner.java:290) ~[junit-4.12.jar:4.12]
	at org.junit.runners.ParentRunner$1.schedule(ParentRunner.java:71) ~[junit-4.12.jar:4.12]
	at org.junit.runners.ParentRunner.runChildren(ParentRunner.java:288) ~[junit-4.12.jar:4.12]
	at org.junit.runners.ParentRunner.access$000(ParentRunner.java:58) ~[junit-4.12.jar:4.12]
	at org.junit.runners.ParentRunner$2.evaluate(ParentRunner.java:268) ~[junit-4.12.jar:4.12]
	at org.springframework.test.context.junit4.statements.RunBeforeTestClassCallbacks.evaluate(RunBeforeTestClassCallbacks.java:61) ~[spring-test-5.1.6.RELEASE.jar:5.1.6.RELEASE]
	at org.springframework.test.context.junit4.statements.RunAfterTestClassCallbacks.evaluate(RunAfterTestClassCallbacks.java:70) ~[spring-test-5.1.6.RELEASE.jar:5.1.6.RELEASE]
	at org.junit.runners.ParentRunner.run(ParentRunner.java:363) ~[junit-4.12.jar:4.12]
	at org.springframework.test.context.junit4.SpringJUnit4ClassRunner.run(SpringJUnit4ClassRunner.java:190) ~[spring-test-5.1.6.RELEASE.jar:5.1.6.RELEASE]
	at org.eclipse.jdt.internal.junit4.runner.JUnit4TestReference.run(JUnit4TestReference.java:86) ~[.cp/:na]
	at org.eclipse.jdt.internal.junit.runner.TestExecution.run(TestExecution.java:38) ~[.cp/:na]
	at org.eclipse.jdt.internal.junit.runner.RemoteTestRunner.runTests(RemoteTestRunner.java:459) ~[.cp/:na]
	at org.eclipse.jdt.internal.junit.runner.RemoteTestRunner.runTests(RemoteTestRunner.java:678) ~[.cp/:na]
	at org.eclipse.jdt.internal.junit.runner.RemoteTestRunner.run(RemoteTestRunner.java:382) ~[.cp/:na]
	at org.eclipse.jdt.internal.junit.runner.RemoteTestRunner.main(RemoteTestRunner.java:192) ~[.cp/:na]

2021-11-08 14:46:31.691 ERROR 17320 --- [main] t.e.s.test.TimesheetServiceImplTest      : Erreur dans ValiderTimeSheet() :org.springframework.orm.ObjectRetrievalFailureException: Object [id=1] was not of the specified subclass [tn.esprit.spring.entities.Mission] : Discriminator: ; nested exception is org.hibernate.WrongClassException: Object [id=1] was not of the specified subclass [tn.esprit.spring.entities.Mission] : Discriminator: 
2021-11-08 14:46:32.019  INFO 17320 --- [Thread-2] o.s.s.concurrent.ThreadPoolTaskExecutor  : Shutting down ExecutorService 'applicationTaskExecutor'
2021-11-08 14:46:32.022  INFO 17320 --- [Thread-2] j.LocalContainerEntityManagerFactoryBean : Closing JPA EntityManagerFactory for persistence unit 'default'
2021-11-08 14:46:32.028  INFO 17320 --- [Thread-2] com.zaxxer.hikari.HikariDataSource       : HikariPool-1 - Shutdown initiated...
2021-11-08 14:46:32.050  INFO 17320 --- [Thread-2] com.zaxxer.hikari.HikariDataSource       : HikariPool-1 - Shutdown completed.
2021-11-08 14:49:05.852  INFO 6560 --- [main] t.e.s.test.TimesheetServiceImplTest      : Starting TimesheetServiceImplTest on DESKTOP-E0FQ2DM with PID 6560 (started by RANIA in C:\Users\RANIA\Desktop\devops\Timesheet-spring-boot-core-data-jpa-mvc-REST-1)
2021-11-08 14:49:05.856  INFO 6560 --- [main] t.e.s.test.TimesheetServiceImplTest      : No active profile set, falling back to default profiles: default
2021-11-08 14:49:08.249  INFO 6560 --- [main] .s.d.r.c.RepositoryConfigurationDelegate : Bootstrapping Spring Data repositories in DEFAULT mode.
2021-11-08 14:49:08.592  INFO 6560 --- [main] .s.d.r.c.RepositoryConfigurationDelegate : Finished Spring Data repository scanning in 314ms. Found 6 repository interfaces.
2021-11-08 14:49:09.893  INFO 6560 --- [main] trationDelegate$BeanPostProcessorChecker : Bean 'org.springframework.transaction.annotation.ProxyTransactionManagementConfiguration' of type [org.springframework.transaction.annotation.ProxyTransactionManagementConfiguration$$EnhancerBySpringCGLIB$$68798713] is not eligible for getting processed by all BeanPostProcessors (for example: not eligible for auto-proxying)
2021-11-08 14:49:10.473  INFO 6560 --- [main] com.zaxxer.hikari.HikariDataSource       : HikariPool-1 - Starting...
2021-11-08 14:49:11.023  INFO 6560 --- [main] com.zaxxer.hikari.HikariDataSource       : HikariPool-1 - Start completed.
2021-11-08 14:49:11.266  INFO 6560 --- [main] o.hibernate.jpa.internal.util.LogHelper  : HHH000204: Processing PersistenceUnitInfo [
	name: default
	...]
2021-11-08 14:49:11.632  INFO 6560 --- [main] org.hibernate.Version                    : HHH000412: Hibernate Core {5.3.9.Final}
2021-11-08 14:49:11.643  INFO 6560 --- [main] org.hibernate.cfg.Environment            : HHH000206: hibernate.properties not found
2021-11-08 14:49:12.355  INFO 6560 --- [main] o.hibernate.annotations.common.Version   : HCANN000001: Hibernate Commons Annotations {5.0.4.Final}
2021-11-08 14:49:13.725  INFO 6560 --- [main] org.hibernate.dialect.Dialect            : HHH000400: Using dialect: org.hibernate.dialect.MySQL5Dialect
2021-11-08 14:49:16.991  INFO 6560 --- [main] j.LocalContainerEntityManagerFactoryBean : Initialized JPA EntityManagerFactory for persistence unit 'default'
2021-11-08 14:49:17.964  INFO 6560 --- [main] o.h.h.i.QueryTranslatorFactoryInitiator  : HHH000397: Using ASTQueryTranslatorFactory
2021-11-08 14:49:21.315  INFO 6560 --- [main] o.s.s.concurrent.ThreadPoolTaskExecutor  : Initializing ExecutorService 'applicationTaskExecutor'
2021-11-08 14:49:21.774  WARN 6560 --- [main] aWebConfiguration$JpaWebMvcConfiguration : spring.jpa.open-in-view is enabled by default. Therefore, database queries may be performed during view rendering. Explicitly configure spring.jpa.open-in-view to disable this warning
2021-11-08 14:49:23.130  INFO 6560 --- [main] t.e.s.test.TimesheetServiceImplTest      : Started TimesheetServiceImplTest in 18.24 seconds (JVM running for 20.907)
2021-11-08 14:49:23.713  INFO 6560 --- [main] t.e.s.test.TimesheetServiceImplTest      : In ValiderTimeSheet() :
2021-11-08 14:49:23.716  INFO 6560 --- [main] t.e.s.services.TimesheetServiceImpl      : In valider Timesheet
2021-11-08 14:49:23.803  INFO 6560 --- [main] o.h.e.internal.DefaultLoadEventListener  : HHH000327: Error performing load command : org.hibernate.WrongClassException: Object [id=1] was not of the specified subclass [tn.esprit.spring.entities.Mission] : Discriminator: 

org.hibernate.WrongClassException: Object [id=1] was not of the specified subclass [tn.esprit.spring.entities.Mission] : Discriminator: 
	at org.hibernate.loader.plan.exec.process.internal.EntityReferenceInitializerImpl.getConcreteEntityTypeName(EntityReferenceInitializerImpl.java:418) ~[hibernate-core-5.3.9.Final.jar:5.3.9.Final]
	at org.hibernate.loader.plan.exec.process.internal.EntityReferenceInitializerImpl.hydrateEntityState(EntityReferenceInitializerImpl.java:217) ~[hibernate-core-5.3.9.Final.jar:5.3.9.Final]
	at org.hibernate.loader.plan.exec.process.internal.AbstractRowReader.readRow(AbstractRowReader.java:103) ~[hibernate-core-5.3.9.Final.jar:5.3.9.Final]
	at org.hibernate.loader.plan.exec.internal.EntityLoadQueryDetails$EntityLoaderRowReader.readRow(EntityLoadQueryDetails.java:254) ~[hibernate-core-5.3.9.Final.jar:5.3.9.Final]
	at org.hibernate.loader.plan.exec.process.internal.ResultSetProcessorImpl.extractResults(ResultSetProcessorImpl.java:122) ~[hibernate-core-5.3.9.Final.jar:5.3.9.Final]
	at org.hibernate.loader.plan.exec.internal.AbstractLoadPlanBasedLoader.executeLoad(AbstractLoadPlanBasedLoader.java:122) ~[hibernate-core-5.3.9.Final.jar:5.3.9.Final]
	at org.hibernate.loader.plan.exec.internal.AbstractLoadPlanBasedLoader.executeLoad(AbstractLoadPlanBasedLoader.java:86) ~[hibernate-core-5.3.9.Final.jar:5.3.9.Final]
	at org.hibernate.loader.entity.plan.AbstractLoadPlanBasedEntityLoader.load(AbstractLoadPlanBasedEntityLoader.java:188) ~[hibernate-core-5.3.9.Final.jar:5.3.9.Final]
	at org.hibernate.persister.entity.AbstractEntityPersister.load(AbstractEntityPersister.java:4271) ~[hibernate-core-5.3.9.Final.jar:5.3.9.Final]
	at org.hibernate.event.internal.DefaultLoadEventListener.loadFromDatasource(DefaultLoadEventListener.java:511) [hibernate-core-5.3.9.Final.jar:5.3.9.Final]
	at org.hibernate.event.internal.DefaultLoadEventListener.doLoad(DefaultLoadEventListener.java:481) [hibernate-core-5.3.9.Final.jar:5.3.9.Final]
	at org.hibernate.event.internal.DefaultLoadEventListener.load(DefaultLoadEventListener.java:222) [hibernate-core-5.3.9.Final.jar:5.3.9.Final]
	at org.hibernate.event.internal.DefaultLoadEventListener.proxyOrLoad(DefaultLoadEventListener.java:281) [hibernate-core-5.3.9.Final.jar:5.3.9.Final]
	at org.hibernate.event.internal.DefaultLoadEventListener.doOnLoad(DefaultLoadEventListener.java:124) [hibernate-core-5.3.9.Final.jar:5.3.9.Final]
	at org.hibernate.event.internal.DefaultLoadEventListener.onLoad(DefaultLoadEventListener.java:92) [hibernate-core-5.3.9.Final.jar:5.3.9.Final]
	at org.hibernate.internal.SessionImpl.fireLoad(SessionImpl.java:1256) [hibernate-core-5.3.9.Final.jar:5.3.9.Final]
	at org.hibernate.internal.SessionImpl.access$1900(SessionImpl.java:207) [hibernate-core-5.3.9.Final.jar:5.3.9.Final]
	at org.hibernate.internal.SessionImpl$IdentifierLoadAccessImpl.doLoad(SessionImpl.java:2873) [hibernate-core-5.3.9.Final.jar:5.3.9.Final]
	at org.hibernate.internal.SessionImpl$IdentifierLoadAccessImpl.load(SessionImpl.java:2847) [hibernate-core-5.3.9.Final.jar:5.3.9.Final]
	at org.hibernate.internal.SessionImpl.find(SessionImpl.java:3482) [hibernate-core-5.3.9.Final.jar:5.3.9.Final]
	at org.hibernate.internal.SessionImpl.find(SessionImpl.java:3451) [hibernate-core-5.3.9.Final.jar:5.3.9.Final]
	at sun.reflect.NativeMethodAccessorImpl.invoke0(Native Method) ~[na:1.8.0_60]
	at sun.reflect.NativeMethodAccessorImpl.invoke(NativeMethodAccessorImpl.java:62) ~[na:1.8.0_60]
	at sun.reflect.DelegatingMethodAccessorImpl.invoke(DelegatingMethodAccessorImpl.java:43) ~[na:1.8.0_60]
	at java.lang.reflect.Method.invoke(Method.java:497) ~[na:1.8.0_60]
	at org.springframework.orm.jpa.SharedEntityManagerCreator$SharedEntityManagerInvocationHandler.invoke(SharedEntityManagerCreator.java:308) [spring-orm-5.1.6.RELEASE.jar:5.1.6.RELEASE]
	at com.sun.proxy.$Proxy99.find(Unknown Source) [na:na]
	at org.springframework.data.jpa.repository.support.SimpleJpaRepository.findById(SimpleJpaRepository.java:234) [spring-data-jpa-2.1.6.RELEASE.jar:2.1.6.RELEASE]
	at sun.reflect.NativeMethodAccessorImpl.invoke0(Native Method) ~[na:1.8.0_60]
	at sun.reflect.NativeMethodAccessorImpl.invoke(NativeMethodAccessorImpl.java:62) ~[na:1.8.0_60]
	at sun.reflect.DelegatingMethodAccessorImpl.invoke(DelegatingMethodAccessorImpl.java:43) ~[na:1.8.0_60]
	at java.lang.reflect.Method.invoke(Method.java:497) ~[na:1.8.0_60]
	at org.springframework.data.repository.core.support.RepositoryComposition$RepositoryFragments.invoke(RepositoryComposition.java:359) [spring-data-commons-2.1.6.RELEASE.jar:2.1.6.RELEASE]
	at org.springframework.data.repository.core.support.RepositoryComposition.invoke(RepositoryComposition.java:200) [spring-data-commons-2.1.6.RELEASE.jar:2.1.6.RELEASE]
	at org.springframework.data.repository.core.support.RepositoryFactorySupport$ImplementationMethodExecutionInterceptor.invoke(RepositoryFactorySupport.java:644) [spring-data-commons-2.1.6.RELEASE.jar:2.1.6.RELEASE]
	at org.springframework.aop.framework.ReflectiveMethodInvocation.proceed(ReflectiveMethodInvocation.java:186) [spring-aop-5.1.6.RELEASE.jar:5.1.6.RELEASE]
	at org.springframework.data.repository.core.support.RepositoryFactorySupport$QueryExecutorMethodInterceptor.doInvoke(RepositoryFactorySupport.java:608) [spring-data-commons-2.1.6.RELEASE.jar:2.1.6.RELEASE]
	at org.springframework.data.repository.core.support.RepositoryFactorySupport$QueryExecutorMethodInterceptor.lambda$invoke$3(RepositoryFactorySupport.java:595) [spring-data-commons-2.1.6.RELEASE.jar:2.1.6.RELEASE]
	at org.springframework.data.repository.core.support.RepositoryFactorySupport$QueryExecutorMethodInterceptor.invoke(RepositoryFactorySupport.java:595) [spring-data-commons-2.1.6.RELEASE.jar:2.1.6.RELEASE]
	at org.springframework.aop.framework.ReflectiveMethodInvocation.proceed(ReflectiveMethodInvocation.java:186) [spring-aop-5.1.6.RELEASE.jar:5.1.6.RELEASE]
	at org.springframework.data.projection.DefaultMethodInvokingMethodInterceptor.invoke(DefaultMethodInvokingMethodInterceptor.java:59) ~[spring-data-commons-2.1.6.RELEASE.jar:2.1.6.RELEASE]
	at org.springframework.aop.framework.ReflectiveMethodInvocation.proceed(ReflectiveMethodInvocation.java:186) [spring-aop-5.1.6.RELEASE.jar:5.1.6.RELEASE]
	at org.springframework.transaction.interceptor.TransactionAspectSupport.invokeWithinTransaction(TransactionAspectSupport.java:294) ~[spring-tx-5.1.6.RELEASE.jar:5.1.6.RELEASE]
	at org.springframework.transaction.interceptor.TransactionInterceptor.invoke(TransactionInterceptor.java:98) ~[spring-tx-5.1.6.RELEASE.jar:5.1.6.RELEASE]
	at org.springframework.aop.framework.ReflectiveMethodInvocation.proceed(ReflectiveMethodInvocation.java:186) [spring-aop-5.1.6.RELEASE.jar:5.1.6.RELEASE]
	at org.springframework.dao.support.PersistenceExceptionTranslationInterceptor.invoke(PersistenceExceptionTranslationInterceptor.java:139) ~[spring-tx-5.1.6.RELEASE.jar:5.1.6.RELEASE]
	at org.springframework.aop.framework.ReflectiveMethodInvocation.proceed(ReflectiveMethodInvocation.java:186) [spring-aop-5.1.6.RELEASE.jar:5.1.6.RELEASE]
	at org.springframework.data.jpa.repository.support.CrudMethodMetadataPostProcessor$CrudMethodMetadataPopulatingMethodInterceptor.invoke(CrudMethodMetadataPostProcessor.java:138) ~[spring-data-jpa-2.1.6.RELEASE.jar:2.1.6.RELEASE]
	at org.springframework.aop.framework.ReflectiveMethodInvocation.proceed(ReflectiveMethodInvocation.java:186) [spring-aop-5.1.6.RELEASE.jar:5.1.6.RELEASE]
	at org.springframework.aop.interceptor.ExposeInvocationInterceptor.invoke(ExposeInvocationInterceptor.java:93) ~[spring-aop-5.1.6.RELEASE.jar:5.1.6.RELEASE]
	at org.springframework.aop.framework.ReflectiveMethodInvocation.proceed(ReflectiveMethodInvocation.java:186) [spring-aop-5.1.6.RELEASE.jar:5.1.6.RELEASE]
	at org.springframework.data.repository.core.support.SurroundingTransactionDetectorMethodInterceptor.invoke(SurroundingTransactionDetectorMethodInterceptor.java:61) ~[spring-data-commons-2.1.6.RELEASE.jar:2.1.6.RELEASE]
	at org.springframework.aop.framework.ReflectiveMethodInvocation.proceed(ReflectiveMethodInvocation.java:186) [spring-aop-5.1.6.RELEASE.jar:5.1.6.RELEASE]
	at org.springframework.aop.framework.JdkDynamicAopProxy.invoke(JdkDynamicAopProxy.java:212) ~[spring-aop-5.1.6.RELEASE.jar:5.1.6.RELEASE]
	at com.sun.proxy.$Proxy108.findById(Unknown Source) ~[na:na]
	at tn.esprit.spring.services.TimesheetServiceImpl.validerTimesheet(TimesheetServiceImpl.java:77) ~[classes/:na]
	at tn.esprit.spring.test.TimesheetServiceImplTest.testValiderTimeSheet(TimesheetServiceImplTest.java:65) ~[test-classes/:na]
	at sun.reflect.NativeMethodAccessorImpl.invoke0(Native Method) ~[na:1.8.0_60]
	at sun.reflect.NativeMethodAccessorImpl.invoke(NativeMethodAccessorImpl.java:62) ~[na:1.8.0_60]
	at sun.reflect.DelegatingMethodAccessorImpl.invoke(DelegatingMethodAccessorImpl.java:43) ~[na:1.8.0_60]
	at java.lang.reflect.Method.invoke(Method.java:497) ~[na:1.8.0_60]
	at org.junit.runners.model.FrameworkMethod$1.runReflectiveCall(FrameworkMethod.java:50) ~[junit-4.12.jar:4.12]
	at org.junit.internal.runners.model.ReflectiveCallable.run(ReflectiveCallable.java:12) ~[junit-4.12.jar:4.12]
	at org.junit.runners.model.FrameworkMethod.invokeExplosively(FrameworkMethod.java:47) ~[junit-4.12.jar:4.12]
	at org.junit.internal.runners.statements.InvokeMethod.evaluate(InvokeMethod.java:17) ~[junit-4.12.jar:4.12]
	at org.springframework.test.context.junit4.statements.RunBeforeTestExecutionCallbacks.evaluate(RunBeforeTestExecutionCallbacks.java:74) ~[spring-test-5.1.6.RELEASE.jar:5.1.6.RELEASE]
	at org.springframework.test.context.junit4.statements.RunAfterTestExecutionCallbacks.evaluate(RunAfterTestExecutionCallbacks.java:84) ~[spring-test-5.1.6.RELEASE.jar:5.1.6.RELEASE]
	at org.springframework.test.context.junit4.statements.RunBeforeTestMethodCallbacks.evaluate(RunBeforeTestMethodCallbacks.java:75) ~[spring-test-5.1.6.RELEASE.jar:5.1.6.RELEASE]
	at org.springframework.test.context.junit4.statements.RunAfterTestMethodCallbacks.evaluate(RunAfterTestMethodCallbacks.java:86) ~[spring-test-5.1.6.RELEASE.jar:5.1.6.RELEASE]
	at org.springframework.test.context.junit4.statements.SpringRepeat.evaluate(SpringRepeat.java:84) ~[spring-test-5.1.6.RELEASE.jar:5.1.6.RELEASE]
	at org.junit.runners.ParentRunner.runLeaf(ParentRunner.java:325) ~[junit-4.12.jar:4.12]
	at org.springframework.test.context.junit4.SpringJUnit4ClassRunner.runChild(SpringJUnit4ClassRunner.java:251) ~[spring-test-5.1.6.RELEASE.jar:5.1.6.RELEASE]
	at org.springframework.test.context.junit4.SpringJUnit4ClassRunner.runChild(SpringJUnit4ClassRunner.java:97) ~[spring-test-5.1.6.RELEASE.jar:5.1.6.RELEASE]
	at org.junit.runners.ParentRunner$3.run(ParentRunner.java:290) ~[junit-4.12.jar:4.12]
	at org.junit.runners.ParentRunner$1.schedule(ParentRunner.java:71) ~[junit-4.12.jar:4.12]
	at org.junit.runners.ParentRunner.runChildren(ParentRunner.java:288) ~[junit-4.12.jar:4.12]
	at org.junit.runners.ParentRunner.access$000(ParentRunner.java:58) ~[junit-4.12.jar:4.12]
	at org.junit.runners.ParentRunner$2.evaluate(ParentRunner.java:268) ~[junit-4.12.jar:4.12]
	at org.springframework.test.context.junit4.statements.RunBeforeTestClassCallbacks.evaluate(RunBeforeTestClassCallbacks.java:61) ~[spring-test-5.1.6.RELEASE.jar:5.1.6.RELEASE]
	at org.springframework.test.context.junit4.statements.RunAfterTestClassCallbacks.evaluate(RunAfterTestClassCallbacks.java:70) ~[spring-test-5.1.6.RELEASE.jar:5.1.6.RELEASE]
	at org.junit.runners.ParentRunner.run(ParentRunner.java:363) ~[junit-4.12.jar:4.12]
	at org.springframework.test.context.junit4.SpringJUnit4ClassRunner.run(SpringJUnit4ClassRunner.java:190) ~[spring-test-5.1.6.RELEASE.jar:5.1.6.RELEASE]
	at org.apache.maven.surefire.junit4.JUnit4Provider.execute(JUnit4Provider.java:365) ~[surefire-junit4-2.22.1.jar:2.22.1]
	at org.apache.maven.surefire.junit4.JUnit4Provider.executeWithRerun(JUnit4Provider.java:273) ~[surefire-junit4-2.22.1.jar:2.22.1]
	at org.apache.maven.surefire.junit4.JUnit4Provider.executeTestSet(JUnit4Provider.java:238) ~[surefire-junit4-2.22.1.jar:2.22.1]
	at org.apache.maven.surefire.junit4.JUnit4Provider.invoke(JUnit4Provider.java:159) ~[surefire-junit4-2.22.1.jar:2.22.1]
	at org.apache.maven.surefire.booter.ForkedBooter.invokeProviderInSameClassLoader(ForkedBooter.java:384) ~[surefire-booter-2.22.1.jar:2.22.1]
	at org.apache.maven.surefire.booter.ForkedBooter.runSuitesInProcess(ForkedBooter.java:345) ~[surefire-booter-2.22.1.jar:2.22.1]
	at org.apache.maven.surefire.booter.ForkedBooter.execute(ForkedBooter.java:126) ~[surefire-booter-2.22.1.jar:2.22.1]
	at org.apache.maven.surefire.booter.ForkedBooter.main(ForkedBooter.java:418) ~[surefire-booter-2.22.1.jar:2.22.1]

2021-11-08 14:49:23.841 ERROR 6560 --- [main] t.e.s.test.TimesheetServiceImplTest      : Erreur dans ValiderTimeSheet() :org.springframework.orm.ObjectRetrievalFailureException: Object [id=1] was not of the specified subclass [tn.esprit.spring.entities.Mission] : Discriminator: ; nested exception is org.hibernate.WrongClassException: Object [id=1] was not of the specified subclass [tn.esprit.spring.entities.Mission] : Discriminator: 
2021-11-08 14:49:24.600  INFO 6560 --- [Thread-2] o.s.s.concurrent.ThreadPoolTaskExecutor  : Shutting down ExecutorService 'applicationTaskExecutor'
2021-11-08 14:49:24.606  INFO 6560 --- [Thread-2] j.LocalContainerEntityManagerFactoryBean : Closing JPA EntityManagerFactory for persistence unit 'default'
2021-11-08 14:49:24.617  INFO 6560 --- [Thread-2] com.zaxxer.hikari.HikariDataSource       : HikariPool-1 - Shutdown initiated...
2021-11-08 14:49:24.676  INFO 6560 --- [Thread-2] com.zaxxer.hikari.HikariDataSource       : HikariPool-1 - Shutdown completed.
2021-11-08 15:03:41.860  INFO 15992 --- [RMI TCP Connection(63)-127.0.0.1] inMXBeanRegistrar$SpringApplicationAdmin : Application shutdown requested.
2021-11-08 15:03:42.178  INFO 15992 --- [RMI TCP Connection(63)-127.0.0.1] o.s.s.concurrent.ThreadPoolTaskExecutor  : Shutting down ExecutorService 'applicationTaskExecutor'
2021-11-08 15:03:42.212  INFO 15992 --- [RMI TCP Connection(63)-127.0.0.1] j.LocalContainerEntityManagerFactoryBean : Closing JPA EntityManagerFactory for persistence unit 'default'
2021-11-08 15:03:42.381  INFO 15992 --- [RMI TCP Connection(63)-127.0.0.1] com.zaxxer.hikari.HikariDataSource       : HikariPool-1 - Shutdown initiated...
2021-11-08 15:03:42.419  INFO 15992 --- [RMI TCP Connection(63)-127.0.0.1] com.zaxxer.hikari.HikariDataSource       : HikariPool-1 - Shutdown completed.
2021-11-08 15:03:51.861  INFO 7544 --- [main] SpringBootCoreDataJpaMvcRest1Application : Starting TimesheetSpringBootCoreDataJpaMvcRest1Application on DESKTOP-E0FQ2DM with PID 7544 (C:\Users\RANIA\Desktop\devops\Timesheet-spring-boot-core-data-jpa-mvc-REST-1\target\classes started by RANIA in C:\Users\RANIA\Desktop\devops\Timesheet-spring-boot-core-data-jpa-mvc-REST-1)
2021-11-08 15:03:51.866  INFO 7544 --- [main] SpringBootCoreDataJpaMvcRest1Application : No active profile set, falling back to default profiles: default
2021-11-08 15:03:53.094  INFO 7544 --- [main] .s.d.r.c.RepositoryConfigurationDelegate : Bootstrapping Spring Data repositories in DEFAULT mode.
2021-11-08 15:03:53.300  INFO 7544 --- [main] .s.d.r.c.RepositoryConfigurationDelegate : Finished Spring Data repository scanning in 190ms. Found 6 repository interfaces.
2021-11-08 15:03:53.784  INFO 7544 --- [main] trationDelegate$BeanPostProcessorChecker : Bean 'org.springframework.transaction.annotation.ProxyTransactionManagementConfiguration' of type [org.springframework.transaction.annotation.ProxyTransactionManagementConfiguration$$EnhancerBySpringCGLIB$$ecf616] is not eligible for getting processed by all BeanPostProcessors (for example: not eligible for auto-proxying)
2021-11-08 15:03:54.447  INFO 7544 --- [main] o.s.b.w.embedded.tomcat.TomcatWebServer  : Tomcat initialized with port(s): 8082 (http)
2021-11-08 15:03:54.486  INFO 7544 --- [main] o.apache.catalina.core.StandardService   : Starting service [Tomcat]
2021-11-08 15:03:54.487  INFO 7544 --- [main] org.apache.catalina.core.StandardEngine  : Starting Servlet engine: [Apache Tomcat/9.0.17]
2021-11-08 15:03:54.732  INFO 7544 --- [main] o.a.c.c.C.[.[localhost].[/SpringMVC]     : Initializing Spring embedded WebApplicationContext
2021-11-08 15:03:54.732  INFO 7544 --- [main] o.s.web.context.ContextLoader            : Root WebApplicationContext: initialization completed in 2787 ms
2021-11-08 15:03:54.989  INFO 7544 --- [main] com.zaxxer.hikari.HikariDataSource       : HikariPool-1 - Starting...
2021-11-08 15:03:55.201  INFO 7544 --- [main] com.zaxxer.hikari.HikariDataSource       : HikariPool-1 - Start completed.
2021-11-08 15:03:55.339  INFO 7544 --- [main] o.hibernate.jpa.internal.util.LogHelper  : HHH000204: Processing PersistenceUnitInfo [
	name: default
	...]
2021-11-08 15:03:55.610  INFO 7544 --- [main] org.hibernate.Version                    : HHH000412: Hibernate Core {5.3.9.Final}
2021-11-08 15:03:55.613  INFO 7544 --- [main] org.hibernate.cfg.Environment            : HHH000206: hibernate.properties not found
2021-11-08 15:03:55.922  INFO 7544 --- [main] o.hibernate.annotations.common.Version   : HCANN000001: Hibernate Commons Annotations {5.0.4.Final}
2021-11-08 15:03:56.220  INFO 7544 --- [main] org.hibernate.dialect.Dialect            : HHH000400: Using dialect: org.hibernate.dialect.MySQL5Dialect
2021-11-08 15:03:57.912  INFO 7544 --- [main] j.LocalContainerEntityManagerFactoryBean : Initialized JPA EntityManagerFactory for persistence unit 'default'
2021-11-08 15:03:58.394  INFO 7544 --- [main] o.h.h.i.QueryTranslatorFactoryInitiator  : HHH000397: Using ASTQueryTranslatorFactory
2021-11-08 15:03:59.148  INFO 7544 --- [main] o.s.s.concurrent.ThreadPoolTaskExecutor  : Initializing ExecutorService 'applicationTaskExecutor'
2021-11-08 15:03:59.207  WARN 7544 --- [main] aWebConfiguration$JpaWebMvcConfiguration : spring.jpa.open-in-view is enabled by default. Therefore, database queries may be performed during view rendering. Explicitly configure spring.jpa.open-in-view to disable this warning
2021-11-08 15:03:59.478  INFO 7544 --- [main] o.s.b.w.embedded.tomcat.TomcatWebServer  : Tomcat started on port(s): 8082 (http) with context path '/SpringMVC'
2021-11-08 15:03:59.481  INFO 7544 --- [main] SpringBootCoreDataJpaMvcRest1Application : Started TimesheetSpringBootCoreDataJpaMvcRest1Application in 8.386 seconds (JVM running for 10.518)
2021-11-08 15:04:28.700  INFO 10552 --- [main] t.e.s.test.TimesheetServiceImplTest      : Starting TimesheetServiceImplTest on DESKTOP-E0FQ2DM with PID 10552 (started by RANIA in C:\Users\RANIA\Desktop\devops\Timesheet-spring-boot-core-data-jpa-mvc-REST-1)
2021-11-08 15:04:28.704  INFO 10552 --- [main] t.e.s.test.TimesheetServiceImplTest      : No active profile set, falling back to default profiles: default
2021-11-08 15:04:31.253  INFO 10552 --- [main] .s.d.r.c.RepositoryConfigurationDelegate : Bootstrapping Spring Data repositories in DEFAULT mode.
2021-11-08 15:04:31.663  INFO 10552 --- [main] .s.d.r.c.RepositoryConfigurationDelegate : Finished Spring Data repository scanning in 381ms. Found 6 repository interfaces.
2021-11-08 15:04:32.738  INFO 10552 --- [main] trationDelegate$BeanPostProcessorChecker : Bean 'org.springframework.transaction.annotation.ProxyTransactionManagementConfiguration' of type [org.springframework.transaction.annotation.ProxyTransactionManagementConfiguration$$EnhancerBySpringCGLIB$$402d705e] is not eligible for getting processed by all BeanPostProcessors (for example: not eligible for auto-proxying)
2021-11-08 15:04:33.697  INFO 10552 --- [main] com.zaxxer.hikari.HikariDataSource       : HikariPool-1 - Starting...
2021-11-08 15:04:34.264  INFO 10552 --- [main] com.zaxxer.hikari.HikariDataSource       : HikariPool-1 - Start completed.
2021-11-08 15:04:34.635  INFO 10552 --- [main] o.hibernate.jpa.internal.util.LogHelper  : HHH000204: Processing PersistenceUnitInfo [
	name: default
	...]
2021-11-08 15:04:34.867  INFO 10552 --- [main] org.hibernate.Version                    : HHH000412: Hibernate Core {5.3.9.Final}
2021-11-08 15:04:34.874  INFO 10552 --- [main] org.hibernate.cfg.Environment            : HHH000206: hibernate.properties not found
2021-11-08 15:04:35.578  INFO 10552 --- [main] o.hibernate.annotations.common.Version   : HCANN000001: Hibernate Commons Annotations {5.0.4.Final}
2021-11-08 15:04:37.028  INFO 10552 --- [main] org.hibernate.dialect.Dialect            : HHH000400: Using dialect: org.hibernate.dialect.MySQL5Dialect
2021-11-08 15:04:40.030  INFO 10552 --- [main] j.LocalContainerEntityManagerFactoryBean : Initialized JPA EntityManagerFactory for persistence unit 'default'
2021-11-08 15:04:41.014  INFO 10552 --- [main] o.h.h.i.QueryTranslatorFactoryInitiator  : HHH000397: Using ASTQueryTranslatorFactory
2021-11-08 15:04:44.274  INFO 10552 --- [main] o.s.s.concurrent.ThreadPoolTaskExecutor  : Initializing ExecutorService 'applicationTaskExecutor'
2021-11-08 15:04:44.488  WARN 10552 --- [main] aWebConfiguration$JpaWebMvcConfiguration : spring.jpa.open-in-view is enabled by default. Therefore, database queries may be performed during view rendering. Explicitly configure spring.jpa.open-in-view to disable this warning
2021-11-08 15:04:46.521  INFO 10552 --- [main] t.e.s.test.TimesheetServiceImplTest      : Started TimesheetServiceImplTest in 18.689 seconds (JVM running for 21.103)
2021-11-08 15:04:47.313  INFO 10552 --- [main] t.e.s.test.TimesheetServiceImplTest      : In ValiderTimeSheet() :
2021-11-08 15:04:47.315  INFO 10552 --- [main] t.e.s.services.TimesheetServiceImpl      : In valider Timesheet
2021-11-08 15:04:47.373  INFO 10552 --- [main] o.h.e.internal.DefaultLoadEventListener  : HHH000327: Error performing load command : org.hibernate.WrongClassException: Object [id=1] was not of the specified subclass [tn.esprit.spring.entities.Mission] : Discriminator: 

org.hibernate.WrongClassException: Object [id=1] was not of the specified subclass [tn.esprit.spring.entities.Mission] : Discriminator: 
	at org.hibernate.loader.plan.exec.process.internal.EntityReferenceInitializerImpl.getConcreteEntityTypeName(EntityReferenceInitializerImpl.java:418) ~[hibernate-core-5.3.9.Final.jar:5.3.9.Final]
	at org.hibernate.loader.plan.exec.process.internal.EntityReferenceInitializerImpl.hydrateEntityState(EntityReferenceInitializerImpl.java:217) ~[hibernate-core-5.3.9.Final.jar:5.3.9.Final]
	at org.hibernate.loader.plan.exec.process.internal.AbstractRowReader.readRow(AbstractRowReader.java:103) ~[hibernate-core-5.3.9.Final.jar:5.3.9.Final]
	at org.hibernate.loader.plan.exec.internal.EntityLoadQueryDetails$EntityLoaderRowReader.readRow(EntityLoadQueryDetails.java:254) ~[hibernate-core-5.3.9.Final.jar:5.3.9.Final]
	at org.hibernate.loader.plan.exec.process.internal.ResultSetProcessorImpl.extractResults(ResultSetProcessorImpl.java:122) ~[hibernate-core-5.3.9.Final.jar:5.3.9.Final]
	at org.hibernate.loader.plan.exec.internal.AbstractLoadPlanBasedLoader.executeLoad(AbstractLoadPlanBasedLoader.java:122) ~[hibernate-core-5.3.9.Final.jar:5.3.9.Final]
	at org.hibernate.loader.plan.exec.internal.AbstractLoadPlanBasedLoader.executeLoad(AbstractLoadPlanBasedLoader.java:86) ~[hibernate-core-5.3.9.Final.jar:5.3.9.Final]
	at org.hibernate.loader.entity.plan.AbstractLoadPlanBasedEntityLoader.load(AbstractLoadPlanBasedEntityLoader.java:188) ~[hibernate-core-5.3.9.Final.jar:5.3.9.Final]
	at org.hibernate.persister.entity.AbstractEntityPersister.load(AbstractEntityPersister.java:4271) ~[hibernate-core-5.3.9.Final.jar:5.3.9.Final]
	at org.hibernate.event.internal.DefaultLoadEventListener.loadFromDatasource(DefaultLoadEventListener.java:511) [hibernate-core-5.3.9.Final.jar:5.3.9.Final]
	at org.hibernate.event.internal.DefaultLoadEventListener.doLoad(DefaultLoadEventListener.java:481) [hibernate-core-5.3.9.Final.jar:5.3.9.Final]
	at org.hibernate.event.internal.DefaultLoadEventListener.load(DefaultLoadEventListener.java:222) [hibernate-core-5.3.9.Final.jar:5.3.9.Final]
	at org.hibernate.event.internal.DefaultLoadEventListener.proxyOrLoad(DefaultLoadEventListener.java:281) [hibernate-core-5.3.9.Final.jar:5.3.9.Final]
	at org.hibernate.event.internal.DefaultLoadEventListener.doOnLoad(DefaultLoadEventListener.java:124) [hibernate-core-5.3.9.Final.jar:5.3.9.Final]
	at org.hibernate.event.internal.DefaultLoadEventListener.onLoad(DefaultLoadEventListener.java:92) [hibernate-core-5.3.9.Final.jar:5.3.9.Final]
	at org.hibernate.internal.SessionImpl.fireLoad(SessionImpl.java:1256) [hibernate-core-5.3.9.Final.jar:5.3.9.Final]
	at org.hibernate.internal.SessionImpl.access$1900(SessionImpl.java:207) [hibernate-core-5.3.9.Final.jar:5.3.9.Final]
	at org.hibernate.internal.SessionImpl$IdentifierLoadAccessImpl.doLoad(SessionImpl.java:2873) [hibernate-core-5.3.9.Final.jar:5.3.9.Final]
	at org.hibernate.internal.SessionImpl$IdentifierLoadAccessImpl.load(SessionImpl.java:2847) [hibernate-core-5.3.9.Final.jar:5.3.9.Final]
	at org.hibernate.internal.SessionImpl.find(SessionImpl.java:3482) [hibernate-core-5.3.9.Final.jar:5.3.9.Final]
	at org.hibernate.internal.SessionImpl.find(SessionImpl.java:3451) [hibernate-core-5.3.9.Final.jar:5.3.9.Final]
	at sun.reflect.NativeMethodAccessorImpl.invoke0(Native Method) ~[na:1.8.0_60]
	at sun.reflect.NativeMethodAccessorImpl.invoke(NativeMethodAccessorImpl.java:62) ~[na:1.8.0_60]
	at sun.reflect.DelegatingMethodAccessorImpl.invoke(DelegatingMethodAccessorImpl.java:43) ~[na:1.8.0_60]
	at java.lang.reflect.Method.invoke(Method.java:497) ~[na:1.8.0_60]
	at org.springframework.orm.jpa.SharedEntityManagerCreator$SharedEntityManagerInvocationHandler.invoke(SharedEntityManagerCreator.java:308) [spring-orm-5.1.6.RELEASE.jar:5.1.6.RELEASE]
	at com.sun.proxy.$Proxy99.find(Unknown Source) [na:na]
	at org.springframework.data.jpa.repository.support.SimpleJpaRepository.findById(SimpleJpaRepository.java:234) [spring-data-jpa-2.1.6.RELEASE.jar:2.1.6.RELEASE]
	at sun.reflect.NativeMethodAccessorImpl.invoke0(Native Method) ~[na:1.8.0_60]
	at sun.reflect.NativeMethodAccessorImpl.invoke(NativeMethodAccessorImpl.java:62) ~[na:1.8.0_60]
	at sun.reflect.DelegatingMethodAccessorImpl.invoke(DelegatingMethodAccessorImpl.java:43) ~[na:1.8.0_60]
	at java.lang.reflect.Method.invoke(Method.java:497) ~[na:1.8.0_60]
	at org.springframework.data.repository.core.support.RepositoryComposition$RepositoryFragments.invoke(RepositoryComposition.java:359) [spring-data-commons-2.1.6.RELEASE.jar:2.1.6.RELEASE]
	at org.springframework.data.repository.core.support.RepositoryComposition.invoke(RepositoryComposition.java:200) [spring-data-commons-2.1.6.RELEASE.jar:2.1.6.RELEASE]
	at org.springframework.data.repository.core.support.RepositoryFactorySupport$ImplementationMethodExecutionInterceptor.invoke(RepositoryFactorySupport.java:644) [spring-data-commons-2.1.6.RELEASE.jar:2.1.6.RELEASE]
	at org.springframework.aop.framework.ReflectiveMethodInvocation.proceed(ReflectiveMethodInvocation.java:186) [spring-aop-5.1.6.RELEASE.jar:5.1.6.RELEASE]
	at org.springframework.data.repository.core.support.RepositoryFactorySupport$QueryExecutorMethodInterceptor.doInvoke(RepositoryFactorySupport.java:608) [spring-data-commons-2.1.6.RELEASE.jar:2.1.6.RELEASE]
	at org.springframework.data.repository.core.support.RepositoryFactorySupport$QueryExecutorMethodInterceptor.lambda$invoke$3(RepositoryFactorySupport.java:595) [spring-data-commons-2.1.6.RELEASE.jar:2.1.6.RELEASE]
	at org.springframework.data.repository.core.support.RepositoryFactorySupport$QueryExecutorMethodInterceptor.invoke(RepositoryFactorySupport.java:595) [spring-data-commons-2.1.6.RELEASE.jar:2.1.6.RELEASE]
	at org.springframework.aop.framework.ReflectiveMethodInvocation.proceed(ReflectiveMethodInvocation.java:186) [spring-aop-5.1.6.RELEASE.jar:5.1.6.RELEASE]
	at org.springframework.data.projection.DefaultMethodInvokingMethodInterceptor.invoke(DefaultMethodInvokingMethodInterceptor.java:59) ~[spring-data-commons-2.1.6.RELEASE.jar:2.1.6.RELEASE]
	at org.springframework.aop.framework.ReflectiveMethodInvocation.proceed(ReflectiveMethodInvocation.java:186) [spring-aop-5.1.6.RELEASE.jar:5.1.6.RELEASE]
	at org.springframework.transaction.interceptor.TransactionAspectSupport.invokeWithinTransaction(TransactionAspectSupport.java:294) ~[spring-tx-5.1.6.RELEASE.jar:5.1.6.RELEASE]
	at org.springframework.transaction.interceptor.TransactionInterceptor.invoke(TransactionInterceptor.java:98) ~[spring-tx-5.1.6.RELEASE.jar:5.1.6.RELEASE]
	at org.springframework.aop.framework.ReflectiveMethodInvocation.proceed(ReflectiveMethodInvocation.java:186) [spring-aop-5.1.6.RELEASE.jar:5.1.6.RELEASE]
	at org.springframework.dao.support.PersistenceExceptionTranslationInterceptor.invoke(PersistenceExceptionTranslationInterceptor.java:139) ~[spring-tx-5.1.6.RELEASE.jar:5.1.6.RELEASE]
	at org.springframework.aop.framework.ReflectiveMethodInvocation.proceed(ReflectiveMethodInvocation.java:186) [spring-aop-5.1.6.RELEASE.jar:5.1.6.RELEASE]
	at org.springframework.data.jpa.repository.support.CrudMethodMetadataPostProcessor$CrudMethodMetadataPopulatingMethodInterceptor.invoke(CrudMethodMetadataPostProcessor.java:138) ~[spring-data-jpa-2.1.6.RELEASE.jar:2.1.6.RELEASE]
	at org.springframework.aop.framework.ReflectiveMethodInvocation.proceed(ReflectiveMethodInvocation.java:186) [spring-aop-5.1.6.RELEASE.jar:5.1.6.RELEASE]
	at org.springframework.aop.interceptor.ExposeInvocationInterceptor.invoke(ExposeInvocationInterceptor.java:93) ~[spring-aop-5.1.6.RELEASE.jar:5.1.6.RELEASE]
	at org.springframework.aop.framework.ReflectiveMethodInvocation.proceed(ReflectiveMethodInvocation.java:186) [spring-aop-5.1.6.RELEASE.jar:5.1.6.RELEASE]
	at org.springframework.data.repository.core.support.SurroundingTransactionDetectorMethodInterceptor.invoke(SurroundingTransactionDetectorMethodInterceptor.java:61) ~[spring-data-commons-2.1.6.RELEASE.jar:2.1.6.RELEASE]
	at org.springframework.aop.framework.ReflectiveMethodInvocation.proceed(ReflectiveMethodInvocation.java:186) [spring-aop-5.1.6.RELEASE.jar:5.1.6.RELEASE]
	at org.springframework.aop.framework.JdkDynamicAopProxy.invoke(JdkDynamicAopProxy.java:212) ~[spring-aop-5.1.6.RELEASE.jar:5.1.6.RELEASE]
	at com.sun.proxy.$Proxy108.findById(Unknown Source) ~[na:na]
	at tn.esprit.spring.services.TimesheetServiceImpl.validerTimesheet(TimesheetServiceImpl.java:79) ~[classes/:na]
	at tn.esprit.spring.test.TimesheetServiceImplTest.testValiderTimeSheet(TimesheetServiceImplTest.java:65) ~[test-classes/:na]
	at sun.reflect.NativeMethodAccessorImpl.invoke0(Native Method) ~[na:1.8.0_60]
	at sun.reflect.NativeMethodAccessorImpl.invoke(NativeMethodAccessorImpl.java:62) ~[na:1.8.0_60]
	at sun.reflect.DelegatingMethodAccessorImpl.invoke(DelegatingMethodAccessorImpl.java:43) ~[na:1.8.0_60]
	at java.lang.reflect.Method.invoke(Method.java:497) ~[na:1.8.0_60]
	at org.junit.runners.model.FrameworkMethod$1.runReflectiveCall(FrameworkMethod.java:50) ~[junit-4.12.jar:4.12]
	at org.junit.internal.runners.model.ReflectiveCallable.run(ReflectiveCallable.java:12) ~[junit-4.12.jar:4.12]
	at org.junit.runners.model.FrameworkMethod.invokeExplosively(FrameworkMethod.java:47) ~[junit-4.12.jar:4.12]
	at org.junit.internal.runners.statements.InvokeMethod.evaluate(InvokeMethod.java:17) ~[junit-4.12.jar:4.12]
	at org.springframework.test.context.junit4.statements.RunBeforeTestExecutionCallbacks.evaluate(RunBeforeTestExecutionCallbacks.java:74) ~[spring-test-5.1.6.RELEASE.jar:5.1.6.RELEASE]
	at org.springframework.test.context.junit4.statements.RunAfterTestExecutionCallbacks.evaluate(RunAfterTestExecutionCallbacks.java:84) ~[spring-test-5.1.6.RELEASE.jar:5.1.6.RELEASE]
	at org.springframework.test.context.junit4.statements.RunBeforeTestMethodCallbacks.evaluate(RunBeforeTestMethodCallbacks.java:75) ~[spring-test-5.1.6.RELEASE.jar:5.1.6.RELEASE]
	at org.springframework.test.context.junit4.statements.RunAfterTestMethodCallbacks.evaluate(RunAfterTestMethodCallbacks.java:86) ~[spring-test-5.1.6.RELEASE.jar:5.1.6.RELEASE]
	at org.springframework.test.context.junit4.statements.SpringRepeat.evaluate(SpringRepeat.java:84) ~[spring-test-5.1.6.RELEASE.jar:5.1.6.RELEASE]
	at org.junit.runners.ParentRunner.runLeaf(ParentRunner.java:325) ~[junit-4.12.jar:4.12]
	at org.springframework.test.context.junit4.SpringJUnit4ClassRunner.runChild(SpringJUnit4ClassRunner.java:251) ~[spring-test-5.1.6.RELEASE.jar:5.1.6.RELEASE]
	at org.springframework.test.context.junit4.SpringJUnit4ClassRunner.runChild(SpringJUnit4ClassRunner.java:97) ~[spring-test-5.1.6.RELEASE.jar:5.1.6.RELEASE]
	at org.junit.runners.ParentRunner$3.run(ParentRunner.java:290) ~[junit-4.12.jar:4.12]
	at org.junit.runners.ParentRunner$1.schedule(ParentRunner.java:71) ~[junit-4.12.jar:4.12]
	at org.junit.runners.ParentRunner.runChildren(ParentRunner.java:288) ~[junit-4.12.jar:4.12]
	at org.junit.runners.ParentRunner.access$000(ParentRunner.java:58) ~[junit-4.12.jar:4.12]
	at org.junit.runners.ParentRunner$2.evaluate(ParentRunner.java:268) ~[junit-4.12.jar:4.12]
	at org.springframework.test.context.junit4.statements.RunBeforeTestClassCallbacks.evaluate(RunBeforeTestClassCallbacks.java:61) ~[spring-test-5.1.6.RELEASE.jar:5.1.6.RELEASE]
	at org.springframework.test.context.junit4.statements.RunAfterTestClassCallbacks.evaluate(RunAfterTestClassCallbacks.java:70) ~[spring-test-5.1.6.RELEASE.jar:5.1.6.RELEASE]
	at org.junit.runners.ParentRunner.run(ParentRunner.java:363) ~[junit-4.12.jar:4.12]
	at org.springframework.test.context.junit4.SpringJUnit4ClassRunner.run(SpringJUnit4ClassRunner.java:190) ~[spring-test-5.1.6.RELEASE.jar:5.1.6.RELEASE]
	at org.eclipse.jdt.internal.junit4.runner.JUnit4TestReference.run(JUnit4TestReference.java:86) ~[.cp/:na]
	at org.eclipse.jdt.internal.junit.runner.TestExecution.run(TestExecution.java:38) ~[.cp/:na]
	at org.eclipse.jdt.internal.junit.runner.RemoteTestRunner.runTests(RemoteTestRunner.java:459) ~[.cp/:na]
	at org.eclipse.jdt.internal.junit.runner.RemoteTestRunner.runTests(RemoteTestRunner.java:678) ~[.cp/:na]
	at org.eclipse.jdt.internal.junit.runner.RemoteTestRunner.run(RemoteTestRunner.java:382) ~[.cp/:na]
	at org.eclipse.jdt.internal.junit.runner.RemoteTestRunner.main(RemoteTestRunner.java:192) ~[.cp/:na]

2021-11-08 15:04:47.394 ERROR 10552 --- [main] t.e.s.test.TimesheetServiceImplTest      : Erreur dans ValiderTimeSheet() :org.springframework.orm.ObjectRetrievalFailureException: Object [id=1] was not of the specified subclass [tn.esprit.spring.entities.Mission] : Discriminator: ; nested exception is org.hibernate.WrongClassException: Object [id=1] was not of the specified subclass [tn.esprit.spring.entities.Mission] : Discriminator: 
2021-11-08 15:04:47.685  INFO 10552 --- [Thread-2] o.s.s.concurrent.ThreadPoolTaskExecutor  : Shutting down ExecutorService 'applicationTaskExecutor'
2021-11-08 15:04:47.690  INFO 10552 --- [Thread-2] j.LocalContainerEntityManagerFactoryBean : Closing JPA EntityManagerFactory for persistence unit 'default'
2021-11-08 15:04:47.699  INFO 10552 --- [Thread-2] com.zaxxer.hikari.HikariDataSource       : HikariPool-1 - Shutdown initiated...
2021-11-08 15:04:47.731  INFO 10552 --- [Thread-2] com.zaxxer.hikari.HikariDataSource       : HikariPool-1 - Shutdown completed.
2021-11-08 15:05:15.648  INFO 3524 --- [main] t.e.s.test.TimesheetServiceImplTest      : Starting TimesheetServiceImplTest on DESKTOP-E0FQ2DM with PID 3524 (started by RANIA in C:\Users\RANIA\Desktop\devops\Timesheet-spring-boot-core-data-jpa-mvc-REST-1)
2021-11-08 15:05:15.651  INFO 3524 --- [main] t.e.s.test.TimesheetServiceImplTest      : No active profile set, falling back to default profiles: default
2021-11-08 15:05:19.507  INFO 3524 --- [main] .s.d.r.c.RepositoryConfigurationDelegate : Bootstrapping Spring Data repositories in DEFAULT mode.
2021-11-08 15:05:19.931  INFO 3524 --- [main] .s.d.r.c.RepositoryConfigurationDelegate : Finished Spring Data repository scanning in 393ms. Found 6 repository interfaces.
2021-11-08 15:05:21.407  INFO 3524 --- [main] trationDelegate$BeanPostProcessorChecker : Bean 'org.springframework.transaction.annotation.ProxyTransactionManagementConfiguration' of type [org.springframework.transaction.annotation.ProxyTransactionManagementConfiguration$$EnhancerBySpringCGLIB$$8a6a3830] is not eligible for getting processed by all BeanPostProcessors (for example: not eligible for auto-proxying)
2021-11-08 15:05:22.520  INFO 3524 --- [main] com.zaxxer.hikari.HikariDataSource       : HikariPool-1 - Starting...
2021-11-08 15:05:22.884  INFO 3524 --- [main] com.zaxxer.hikari.HikariDataSource       : HikariPool-1 - Start completed.
2021-11-08 15:05:23.564  INFO 3524 --- [main] o.hibernate.jpa.internal.util.LogHelper  : HHH000204: Processing PersistenceUnitInfo [
	name: default
	...]
2021-11-08 15:05:23.882  INFO 3524 --- [main] org.hibernate.Version                    : HHH000412: Hibernate Core {5.3.9.Final}
2021-11-08 15:05:23.890  INFO 3524 --- [main] org.hibernate.cfg.Environment            : HHH000206: hibernate.properties not found
2021-11-08 15:05:24.417  INFO 3524 --- [main] o.hibernate.annotations.common.Version   : HCANN000001: Hibernate Commons Annotations {5.0.4.Final}
2021-11-08 15:05:25.932  INFO 3524 --- [main] org.hibernate.dialect.Dialect            : HHH000400: Using dialect: org.hibernate.dialect.MySQL5Dialect
2021-11-08 15:05:29.078  INFO 3524 --- [main] j.LocalContainerEntityManagerFactoryBean : Initialized JPA EntityManagerFactory for persistence unit 'default'
2021-11-08 15:05:30.067  INFO 3524 --- [main] o.h.h.i.QueryTranslatorFactoryInitiator  : HHH000397: Using ASTQueryTranslatorFactory
2021-11-08 15:05:36.378  INFO 3524 --- [main] o.s.s.concurrent.ThreadPoolTaskExecutor  : Initializing ExecutorService 'applicationTaskExecutor'
2021-11-08 15:05:36.856  WARN 3524 --- [main] aWebConfiguration$JpaWebMvcConfiguration : spring.jpa.open-in-view is enabled by default. Therefore, database queries may be performed during view rendering. Explicitly configure spring.jpa.open-in-view to disable this warning
2021-11-08 15:05:38.069  INFO 3524 --- [main] t.e.s.test.TimesheetServiceImplTest      : Started TimesheetServiceImplTest in 23.393 seconds (JVM running for 26.734)
2021-11-08 15:05:39.246  INFO 3524 --- [main] t.e.s.test.TimesheetServiceImplTest      : In ValiderTimeSheet() :
2021-11-08 15:05:39.266  INFO 3524 --- [main] t.e.s.services.TimesheetServiceImpl      : In valider Timesheet
2021-11-08 15:05:39.346  INFO 3524 --- [main] o.h.e.internal.DefaultLoadEventListener  : HHH000327: Error performing load command : org.hibernate.WrongClassException: Object [id=1] was not of the specified subclass [tn.esprit.spring.entities.Mission] : Discriminator: 

org.hibernate.WrongClassException: Object [id=1] was not of the specified subclass [tn.esprit.spring.entities.Mission] : Discriminator: 
	at org.hibernate.loader.plan.exec.process.internal.EntityReferenceInitializerImpl.getConcreteEntityTypeName(EntityReferenceInitializerImpl.java:418) ~[hibernate-core-5.3.9.Final.jar:5.3.9.Final]
	at org.hibernate.loader.plan.exec.process.internal.EntityReferenceInitializerImpl.hydrateEntityState(EntityReferenceInitializerImpl.java:217) ~[hibernate-core-5.3.9.Final.jar:5.3.9.Final]
	at org.hibernate.loader.plan.exec.process.internal.AbstractRowReader.readRow(AbstractRowReader.java:103) ~[hibernate-core-5.3.9.Final.jar:5.3.9.Final]
	at org.hibernate.loader.plan.exec.internal.EntityLoadQueryDetails$EntityLoaderRowReader.readRow(EntityLoadQueryDetails.java:254) ~[hibernate-core-5.3.9.Final.jar:5.3.9.Final]
	at org.hibernate.loader.plan.exec.process.internal.ResultSetProcessorImpl.extractResults(ResultSetProcessorImpl.java:122) ~[hibernate-core-5.3.9.Final.jar:5.3.9.Final]
	at org.hibernate.loader.plan.exec.internal.AbstractLoadPlanBasedLoader.executeLoad(AbstractLoadPlanBasedLoader.java:122) ~[hibernate-core-5.3.9.Final.jar:5.3.9.Final]
	at org.hibernate.loader.plan.exec.internal.AbstractLoadPlanBasedLoader.executeLoad(AbstractLoadPlanBasedLoader.java:86) ~[hibernate-core-5.3.9.Final.jar:5.3.9.Final]
	at org.hibernate.loader.entity.plan.AbstractLoadPlanBasedEntityLoader.load(AbstractLoadPlanBasedEntityLoader.java:188) ~[hibernate-core-5.3.9.Final.jar:5.3.9.Final]
	at org.hibernate.persister.entity.AbstractEntityPersister.load(AbstractEntityPersister.java:4271) ~[hibernate-core-5.3.9.Final.jar:5.3.9.Final]
	at org.hibernate.event.internal.DefaultLoadEventListener.loadFromDatasource(DefaultLoadEventListener.java:511) [hibernate-core-5.3.9.Final.jar:5.3.9.Final]
	at org.hibernate.event.internal.DefaultLoadEventListener.doLoad(DefaultLoadEventListener.java:481) [hibernate-core-5.3.9.Final.jar:5.3.9.Final]
	at org.hibernate.event.internal.DefaultLoadEventListener.load(DefaultLoadEventListener.java:222) [hibernate-core-5.3.9.Final.jar:5.3.9.Final]
	at org.hibernate.event.internal.DefaultLoadEventListener.proxyOrLoad(DefaultLoadEventListener.java:281) [hibernate-core-5.3.9.Final.jar:5.3.9.Final]
	at org.hibernate.event.internal.DefaultLoadEventListener.doOnLoad(DefaultLoadEventListener.java:124) [hibernate-core-5.3.9.Final.jar:5.3.9.Final]
	at org.hibernate.event.internal.DefaultLoadEventListener.onLoad(DefaultLoadEventListener.java:92) [hibernate-core-5.3.9.Final.jar:5.3.9.Final]
	at org.hibernate.internal.SessionImpl.fireLoad(SessionImpl.java:1256) [hibernate-core-5.3.9.Final.jar:5.3.9.Final]
	at org.hibernate.internal.SessionImpl.access$1900(SessionImpl.java:207) [hibernate-core-5.3.9.Final.jar:5.3.9.Final]
	at org.hibernate.internal.SessionImpl$IdentifierLoadAccessImpl.doLoad(SessionImpl.java:2873) [hibernate-core-5.3.9.Final.jar:5.3.9.Final]
	at org.hibernate.internal.SessionImpl$IdentifierLoadAccessImpl.load(SessionImpl.java:2847) [hibernate-core-5.3.9.Final.jar:5.3.9.Final]
	at org.hibernate.internal.SessionImpl.find(SessionImpl.java:3482) [hibernate-core-5.3.9.Final.jar:5.3.9.Final]
	at org.hibernate.internal.SessionImpl.find(SessionImpl.java:3451) [hibernate-core-5.3.9.Final.jar:5.3.9.Final]
	at sun.reflect.NativeMethodAccessorImpl.invoke0(Native Method) ~[na:1.8.0_60]
	at sun.reflect.NativeMethodAccessorImpl.invoke(NativeMethodAccessorImpl.java:62) ~[na:1.8.0_60]
	at sun.reflect.DelegatingMethodAccessorImpl.invoke(DelegatingMethodAccessorImpl.java:43) ~[na:1.8.0_60]
	at java.lang.reflect.Method.invoke(Method.java:497) ~[na:1.8.0_60]
	at org.springframework.orm.jpa.SharedEntityManagerCreator$SharedEntityManagerInvocationHandler.invoke(SharedEntityManagerCreator.java:308) [spring-orm-5.1.6.RELEASE.jar:5.1.6.RELEASE]
	at com.sun.proxy.$Proxy99.find(Unknown Source) [na:na]
	at org.springframework.data.jpa.repository.support.SimpleJpaRepository.findById(SimpleJpaRepository.java:234) [spring-data-jpa-2.1.6.RELEASE.jar:2.1.6.RELEASE]
	at sun.reflect.NativeMethodAccessorImpl.invoke0(Native Method) ~[na:1.8.0_60]
	at sun.reflect.NativeMethodAccessorImpl.invoke(NativeMethodAccessorImpl.java:62) ~[na:1.8.0_60]
	at sun.reflect.DelegatingMethodAccessorImpl.invoke(DelegatingMethodAccessorImpl.java:43) ~[na:1.8.0_60]
	at java.lang.reflect.Method.invoke(Method.java:497) ~[na:1.8.0_60]
	at org.springframework.data.repository.core.support.RepositoryComposition$RepositoryFragments.invoke(RepositoryComposition.java:359) [spring-data-commons-2.1.6.RELEASE.jar:2.1.6.RELEASE]
	at org.springframework.data.repository.core.support.RepositoryComposition.invoke(RepositoryComposition.java:200) [spring-data-commons-2.1.6.RELEASE.jar:2.1.6.RELEASE]
	at org.springframework.data.repository.core.support.RepositoryFactorySupport$ImplementationMethodExecutionInterceptor.invoke(RepositoryFactorySupport.java:644) [spring-data-commons-2.1.6.RELEASE.jar:2.1.6.RELEASE]
	at org.springframework.aop.framework.ReflectiveMethodInvocation.proceed(ReflectiveMethodInvocation.java:186) [spring-aop-5.1.6.RELEASE.jar:5.1.6.RELEASE]
	at org.springframework.data.repository.core.support.RepositoryFactorySupport$QueryExecutorMethodInterceptor.doInvoke(RepositoryFactorySupport.java:608) [spring-data-commons-2.1.6.RELEASE.jar:2.1.6.RELEASE]
	at org.springframework.data.repository.core.support.RepositoryFactorySupport$QueryExecutorMethodInterceptor.lambda$invoke$3(RepositoryFactorySupport.java:595) [spring-data-commons-2.1.6.RELEASE.jar:2.1.6.RELEASE]
	at org.springframework.data.repository.core.support.RepositoryFactorySupport$QueryExecutorMethodInterceptor.invoke(RepositoryFactorySupport.java:595) [spring-data-commons-2.1.6.RELEASE.jar:2.1.6.RELEASE]
	at org.springframework.aop.framework.ReflectiveMethodInvocation.proceed(ReflectiveMethodInvocation.java:186) [spring-aop-5.1.6.RELEASE.jar:5.1.6.RELEASE]
	at org.springframework.data.projection.DefaultMethodInvokingMethodInterceptor.invoke(DefaultMethodInvokingMethodInterceptor.java:59) ~[spring-data-commons-2.1.6.RELEASE.jar:2.1.6.RELEASE]
	at org.springframework.aop.framework.ReflectiveMethodInvocation.proceed(ReflectiveMethodInvocation.java:186) [spring-aop-5.1.6.RELEASE.jar:5.1.6.RELEASE]
	at org.springframework.transaction.interceptor.TransactionAspectSupport.invokeWithinTransaction(TransactionAspectSupport.java:294) ~[spring-tx-5.1.6.RELEASE.jar:5.1.6.RELEASE]
	at org.springframework.transaction.interceptor.TransactionInterceptor.invoke(TransactionInterceptor.java:98) ~[spring-tx-5.1.6.RELEASE.jar:5.1.6.RELEASE]
	at org.springframework.aop.framework.ReflectiveMethodInvocation.proceed(ReflectiveMethodInvocation.java:186) [spring-aop-5.1.6.RELEASE.jar:5.1.6.RELEASE]
	at org.springframework.dao.support.PersistenceExceptionTranslationInterceptor.invoke(PersistenceExceptionTranslationInterceptor.java:139) ~[spring-tx-5.1.6.RELEASE.jar:5.1.6.RELEASE]
	at org.springframework.aop.framework.ReflectiveMethodInvocation.proceed(ReflectiveMethodInvocation.java:186) [spring-aop-5.1.6.RELEASE.jar:5.1.6.RELEASE]
	at org.springframework.data.jpa.repository.support.CrudMethodMetadataPostProcessor$CrudMethodMetadataPopulatingMethodInterceptor.invoke(CrudMethodMetadataPostProcessor.java:138) ~[spring-data-jpa-2.1.6.RELEASE.jar:2.1.6.RELEASE]
	at org.springframework.aop.framework.ReflectiveMethodInvocation.proceed(ReflectiveMethodInvocation.java:186) [spring-aop-5.1.6.RELEASE.jar:5.1.6.RELEASE]
	at org.springframework.aop.interceptor.ExposeInvocationInterceptor.invoke(ExposeInvocationInterceptor.java:93) ~[spring-aop-5.1.6.RELEASE.jar:5.1.6.RELEASE]
	at org.springframework.aop.framework.ReflectiveMethodInvocation.proceed(ReflectiveMethodInvocation.java:186) [spring-aop-5.1.6.RELEASE.jar:5.1.6.RELEASE]
	at org.springframework.data.repository.core.support.SurroundingTransactionDetectorMethodInterceptor.invoke(SurroundingTransactionDetectorMethodInterceptor.java:61) ~[spring-data-commons-2.1.6.RELEASE.jar:2.1.6.RELEASE]
	at org.springframework.aop.framework.ReflectiveMethodInvocation.proceed(ReflectiveMethodInvocation.java:186) [spring-aop-5.1.6.RELEASE.jar:5.1.6.RELEASE]
	at org.springframework.aop.framework.JdkDynamicAopProxy.invoke(JdkDynamicAopProxy.java:212) ~[spring-aop-5.1.6.RELEASE.jar:5.1.6.RELEASE]
	at com.sun.proxy.$Proxy108.findById(Unknown Source) ~[na:na]
	at tn.esprit.spring.services.TimesheetServiceImpl.validerTimesheet(TimesheetServiceImpl.java:79) ~[classes/:na]
	at tn.esprit.spring.test.TimesheetServiceImplTest.testValiderTimeSheet(TimesheetServiceImplTest.java:65) ~[test-classes/:na]
	at sun.reflect.NativeMethodAccessorImpl.invoke0(Native Method) ~[na:1.8.0_60]
	at sun.reflect.NativeMethodAccessorImpl.invoke(NativeMethodAccessorImpl.java:62) ~[na:1.8.0_60]
	at sun.reflect.DelegatingMethodAccessorImpl.invoke(DelegatingMethodAccessorImpl.java:43) ~[na:1.8.0_60]
	at java.lang.reflect.Method.invoke(Method.java:497) ~[na:1.8.0_60]
	at org.junit.runners.model.FrameworkMethod$1.runReflectiveCall(FrameworkMethod.java:50) ~[junit-4.12.jar:4.12]
	at org.junit.internal.runners.model.ReflectiveCallable.run(ReflectiveCallable.java:12) ~[junit-4.12.jar:4.12]
	at org.junit.runners.model.FrameworkMethod.invokeExplosively(FrameworkMethod.java:47) ~[junit-4.12.jar:4.12]
	at org.junit.internal.runners.statements.InvokeMethod.evaluate(InvokeMethod.java:17) ~[junit-4.12.jar:4.12]
	at org.springframework.test.context.junit4.statements.RunBeforeTestExecutionCallbacks.evaluate(RunBeforeTestExecutionCallbacks.java:74) ~[spring-test-5.1.6.RELEASE.jar:5.1.6.RELEASE]
	at org.springframework.test.context.junit4.statements.RunAfterTestExecutionCallbacks.evaluate(RunAfterTestExecutionCallbacks.java:84) ~[spring-test-5.1.6.RELEASE.jar:5.1.6.RELEASE]
	at org.springframework.test.context.junit4.statements.RunBeforeTestMethodCallbacks.evaluate(RunBeforeTestMethodCallbacks.java:75) ~[spring-test-5.1.6.RELEASE.jar:5.1.6.RELEASE]
	at org.springframework.test.context.junit4.statements.RunAfterTestMethodCallbacks.evaluate(RunAfterTestMethodCallbacks.java:86) ~[spring-test-5.1.6.RELEASE.jar:5.1.6.RELEASE]
	at org.springframework.test.context.junit4.statements.SpringRepeat.evaluate(SpringRepeat.java:84) ~[spring-test-5.1.6.RELEASE.jar:5.1.6.RELEASE]
	at org.junit.runners.ParentRunner.runLeaf(ParentRunner.java:325) ~[junit-4.12.jar:4.12]
	at org.springframework.test.context.junit4.SpringJUnit4ClassRunner.runChild(SpringJUnit4ClassRunner.java:251) ~[spring-test-5.1.6.RELEASE.jar:5.1.6.RELEASE]
	at org.springframework.test.context.junit4.SpringJUnit4ClassRunner.runChild(SpringJUnit4ClassRunner.java:97) ~[spring-test-5.1.6.RELEASE.jar:5.1.6.RELEASE]
	at org.junit.runners.ParentRunner$3.run(ParentRunner.java:290) ~[junit-4.12.jar:4.12]
	at org.junit.runners.ParentRunner$1.schedule(ParentRunner.java:71) ~[junit-4.12.jar:4.12]
	at org.junit.runners.ParentRunner.runChildren(ParentRunner.java:288) ~[junit-4.12.jar:4.12]
	at org.junit.runners.ParentRunner.access$000(ParentRunner.java:58) ~[junit-4.12.jar:4.12]
	at org.junit.runners.ParentRunner$2.evaluate(ParentRunner.java:268) ~[junit-4.12.jar:4.12]
	at org.springframework.test.context.junit4.statements.RunBeforeTestClassCallbacks.evaluate(RunBeforeTestClassCallbacks.java:61) ~[spring-test-5.1.6.RELEASE.jar:5.1.6.RELEASE]
	at org.springframework.test.context.junit4.statements.RunAfterTestClassCallbacks.evaluate(RunAfterTestClassCallbacks.java:70) ~[spring-test-5.1.6.RELEASE.jar:5.1.6.RELEASE]
	at org.junit.runners.ParentRunner.run(ParentRunner.java:363) ~[junit-4.12.jar:4.12]
	at org.springframework.test.context.junit4.SpringJUnit4ClassRunner.run(SpringJUnit4ClassRunner.java:190) ~[spring-test-5.1.6.RELEASE.jar:5.1.6.RELEASE]
	at org.apache.maven.surefire.junit4.JUnit4Provider.execute(JUnit4Provider.java:365) ~[surefire-junit4-2.22.1.jar:2.22.1]
	at org.apache.maven.surefire.junit4.JUnit4Provider.executeWithRerun(JUnit4Provider.java:273) ~[surefire-junit4-2.22.1.jar:2.22.1]
	at org.apache.maven.surefire.junit4.JUnit4Provider.executeTestSet(JUnit4Provider.java:238) ~[surefire-junit4-2.22.1.jar:2.22.1]
	at org.apache.maven.surefire.junit4.JUnit4Provider.invoke(JUnit4Provider.java:159) ~[surefire-junit4-2.22.1.jar:2.22.1]
	at org.apache.maven.surefire.booter.ForkedBooter.invokeProviderInSameClassLoader(ForkedBooter.java:384) ~[surefire-booter-2.22.1.jar:2.22.1]
	at org.apache.maven.surefire.booter.ForkedBooter.runSuitesInProcess(ForkedBooter.java:345) ~[surefire-booter-2.22.1.jar:2.22.1]
	at org.apache.maven.surefire.booter.ForkedBooter.execute(ForkedBooter.java:126) ~[surefire-booter-2.22.1.jar:2.22.1]
	at org.apache.maven.surefire.booter.ForkedBooter.main(ForkedBooter.java:418) ~[surefire-booter-2.22.1.jar:2.22.1]

2021-11-08 15:05:39.385 ERROR 3524 --- [main] t.e.s.test.TimesheetServiceImplTest      : Erreur dans ValiderTimeSheet() :org.springframework.orm.ObjectRetrievalFailureException: Object [id=1] was not of the specified subclass [tn.esprit.spring.entities.Mission] : Discriminator: ; nested exception is org.hibernate.WrongClassException: Object [id=1] was not of the specified subclass [tn.esprit.spring.entities.Mission] : Discriminator: 
2021-11-08 15:05:39.985  INFO 3524 --- [Thread-2] o.s.s.concurrent.ThreadPoolTaskExecutor  : Shutting down ExecutorService 'applicationTaskExecutor'
2021-11-08 15:05:39.991  INFO 3524 --- [Thread-2] j.LocalContainerEntityManagerFactoryBean : Closing JPA EntityManagerFactory for persistence unit 'default'
2021-11-08 15:05:40.001  INFO 3524 --- [Thread-2] com.zaxxer.hikari.HikariDataSource       : HikariPool-1 - Shutdown initiated...
2021-11-08 15:05:40.017  INFO 3524 --- [Thread-2] com.zaxxer.hikari.HikariDataSource       : HikariPool-1 - Shutdown completed.
2021-11-08 15:39:02.899  INFO 13068 --- [main] SpringBootCoreDataJpaMvcRest1Application : Starting TimesheetSpringBootCoreDataJpaMvcRest1Application on DESKTOP-E0FQ2DM with PID 13068 (C:\Users\RANIA\Desktop\devops\Timesheet-spring-boot-core-data-jpa-mvc-REST-1\target\classes started by RANIA in C:\Users\RANIA\Desktop\devops\Timesheet-spring-boot-core-data-jpa-mvc-REST-1)
2021-11-08 15:39:02.908  INFO 13068 --- [main] SpringBootCoreDataJpaMvcRest1Application : No active profile set, falling back to default profiles: default
2021-11-08 15:39:05.212  INFO 13068 --- [main] .s.d.r.c.RepositoryConfigurationDelegate : Bootstrapping Spring Data repositories in DEFAULT mode.
2021-11-08 15:39:05.421  INFO 13068 --- [main] .s.d.r.c.RepositoryConfigurationDelegate : Finished Spring Data repository scanning in 194ms. Found 6 repository interfaces.
2021-11-08 15:39:05.946  INFO 13068 --- [main] trationDelegate$BeanPostProcessorChecker : Bean 'org.springframework.transaction.annotation.ProxyTransactionManagementConfiguration' of type [org.springframework.transaction.annotation.ProxyTransactionManagementConfiguration$$EnhancerBySpringCGLIB$$578c281f] is not eligible for getting processed by all BeanPostProcessors (for example: not eligible for auto-proxying)
2021-11-08 15:39:06.556  INFO 13068 --- [main] o.s.b.w.embedded.tomcat.TomcatWebServer  : Tomcat initialized with port(s): 8082 (http)
2021-11-08 15:39:06.596  INFO 13068 --- [main] o.apache.catalina.core.StandardService   : Starting service [Tomcat]
2021-11-08 15:39:06.597  INFO 13068 --- [main] org.apache.catalina.core.StandardEngine  : Starting Servlet engine: [Apache Tomcat/9.0.17]
2021-11-08 15:39:06.845  INFO 13068 --- [main] o.a.c.c.C.[.[localhost].[/SpringMVC]     : Initializing Spring embedded WebApplicationContext
2021-11-08 15:39:06.846  INFO 13068 --- [main] o.s.web.context.ContextLoader            : Root WebApplicationContext: initialization completed in 3777 ms
2021-11-08 15:39:07.108  INFO 13068 --- [main] com.zaxxer.hikari.HikariDataSource       : HikariPool-1 - Starting...
2021-11-08 15:39:07.329  INFO 13068 --- [main] com.zaxxer.hikari.HikariDataSource       : HikariPool-1 - Start completed.
2021-11-08 15:39:07.446  INFO 13068 --- [main] o.hibernate.jpa.internal.util.LogHelper  : HHH000204: Processing PersistenceUnitInfo [
	name: default
	...]
2021-11-08 15:39:07.764  INFO 13068 --- [main] org.hibernate.Version                    : HHH000412: Hibernate Core {5.3.9.Final}
2021-11-08 15:39:07.773  INFO 13068 --- [main] org.hibernate.cfg.Environment            : HHH000206: hibernate.properties not found
2021-11-08 15:39:08.173  INFO 13068 --- [main] o.hibernate.annotations.common.Version   : HCANN000001: Hibernate Commons Annotations {5.0.4.Final}
2021-11-08 15:39:08.484  INFO 13068 --- [main] org.hibernate.dialect.Dialect            : HHH000400: Using dialect: org.hibernate.dialect.MySQL5Dialect
2021-11-08 15:39:10.576  INFO 13068 --- [main] j.LocalContainerEntityManagerFactoryBean : Initialized JPA EntityManagerFactory for persistence unit 'default'
2021-11-08 15:39:11.021  INFO 13068 --- [main] o.h.h.i.QueryTranslatorFactoryInitiator  : HHH000397: Using ASTQueryTranslatorFactory
2021-11-08 15:39:11.780  INFO 13068 --- [main] o.s.s.concurrent.ThreadPoolTaskExecutor  : Initializing ExecutorService 'applicationTaskExecutor'
2021-11-08 15:39:11.844  WARN 13068 --- [main] aWebConfiguration$JpaWebMvcConfiguration : spring.jpa.open-in-view is enabled by default. Therefore, database queries may be performed during view rendering. Explicitly configure spring.jpa.open-in-view to disable this warning
2021-11-08 15:39:12.117 ERROR 13068 --- [main] org.apache.catalina.util.LifecycleBase   : Failed to start component [Connector[HTTP/1.1-8082]]

org.apache.catalina.LifecycleException: Protocol handler start failed
	at org.apache.catalina.connector.Connector.startInternal(Connector.java:1008) ~[tomcat-embed-core-9.0.17.jar:9.0.17]
	at org.apache.catalina.util.LifecycleBase.start(LifecycleBase.java:183) ~[tomcat-embed-core-9.0.17.jar:9.0.17]
	at org.apache.catalina.core.StandardService.addConnector(StandardService.java:226) [tomcat-embed-core-9.0.17.jar:9.0.17]
	at org.springframework.boot.web.embedded.tomcat.TomcatWebServer.addPreviouslyRemovedConnectors(TomcatWebServer.java:259) [spring-boot-2.1.4.RELEASE.jar:2.1.4.RELEASE]
	at org.springframework.boot.web.embedded.tomcat.TomcatWebServer.start(TomcatWebServer.java:197) [spring-boot-2.1.4.RELEASE.jar:2.1.4.RELEASE]
	at org.springframework.boot.web.servlet.context.ServletWebServerApplicationContext.startWebServer(ServletWebServerApplicationContext.java:311) [spring-boot-2.1.4.RELEASE.jar:2.1.4.RELEASE]
	at org.springframework.boot.web.servlet.context.ServletWebServerApplicationContext.finishRefresh(ServletWebServerApplicationContext.java:164) [spring-boot-2.1.4.RELEASE.jar:2.1.4.RELEASE]
	at org.springframework.context.support.AbstractApplicationContext.refresh(AbstractApplicationContext.java:552) [spring-context-5.1.6.RELEASE.jar:5.1.6.RELEASE]
	at org.springframework.boot.web.servlet.context.ServletWebServerApplicationContext.refresh(ServletWebServerApplicationContext.java:142) [spring-boot-2.1.4.RELEASE.jar:2.1.4.RELEASE]
	at org.springframework.boot.SpringApplication.refresh(SpringApplication.java:775) [spring-boot-2.1.4.RELEASE.jar:2.1.4.RELEASE]
	at org.springframework.boot.SpringApplication.refreshContext(SpringApplication.java:397) [spring-boot-2.1.4.RELEASE.jar:2.1.4.RELEASE]
	at org.springframework.boot.SpringApplication.run(SpringApplication.java:316) [spring-boot-2.1.4.RELEASE.jar:2.1.4.RELEASE]
	at org.springframework.boot.SpringApplication.run(SpringApplication.java:1260) [spring-boot-2.1.4.RELEASE.jar:2.1.4.RELEASE]
	at org.springframework.boot.SpringApplication.run(SpringApplication.java:1248) [spring-boot-2.1.4.RELEASE.jar:2.1.4.RELEASE]
	at tn.esprit.spring.TimesheetSpringBootCoreDataJpaMvcRest1Application.main(TimesheetSpringBootCoreDataJpaMvcRest1Application.java:10) [classes/:na]
Caused by: java.net.BindException: Address already in use: bind
	at sun.nio.ch.Net.bind0(Native Method) ~[na:1.8.0_60]
	at sun.nio.ch.Net.bind(Net.java:433) ~[na:1.8.0_60]
	at sun.nio.ch.Net.bind(Net.java:425) ~[na:1.8.0_60]
	at sun.nio.ch.ServerSocketChannelImpl.bind(ServerSocketChannelImpl.java:223) ~[na:1.8.0_60]
	at sun.nio.ch.ServerSocketAdaptor.bind(ServerSocketAdaptor.java:74) ~[na:1.8.0_60]
	at org.apache.tomcat.util.net.NioEndpoint.initServerSocket(NioEndpoint.java:236) ~[tomcat-embed-core-9.0.17.jar:9.0.17]
	at org.apache.tomcat.util.net.NioEndpoint.bind(NioEndpoint.java:210) ~[tomcat-embed-core-9.0.17.jar:9.0.17]
	at org.apache.tomcat.util.net.AbstractEndpoint.bindWithCleanup(AbstractEndpoint.java:1103) ~[tomcat-embed-core-9.0.17.jar:9.0.17]
	at org.apache.tomcat.util.net.AbstractEndpoint.start(AbstractEndpoint.java:1189) ~[tomcat-embed-core-9.0.17.jar:9.0.17]
	at org.apache.coyote.AbstractProtocol.start(AbstractProtocol.java:568) ~[tomcat-embed-core-9.0.17.jar:9.0.17]
	at org.apache.catalina.connector.Connector.startInternal(Connector.java:1005) ~[tomcat-embed-core-9.0.17.jar:9.0.17]
	... 14 common frames omitted

2021-11-08 15:39:12.128  INFO 13068 --- [main] o.apache.catalina.core.StandardService   : Stopping service [Tomcat]
2021-11-08 15:39:12.143  INFO 13068 --- [main] ConditionEvaluationReportLoggingListener : 

Error starting ApplicationContext. To display the conditions report re-run your application with 'debug' enabled.
2021-11-08 15:39:12.152 ERROR 13068 --- [main] o.s.b.d.LoggingFailureAnalysisReporter   : 

***************************
APPLICATION FAILED TO START
***************************

Description:

The Tomcat connector configured to listen on port 8082 failed to start. The port may already be in use or the connector may be misconfigured.

Action:

Verify the connector's configuration, identify and stop any process that's listening on port 8082, or configure this application to listen on another port.

2021-11-08 15:39:12.156  INFO 13068 --- [main] o.s.s.concurrent.ThreadPoolTaskExecutor  : Shutting down ExecutorService 'applicationTaskExecutor'
2021-11-08 15:39:12.159  INFO 13068 --- [main] j.LocalContainerEntityManagerFactoryBean : Closing JPA EntityManagerFactory for persistence unit 'default'
2021-11-08 15:39:12.162  INFO 13068 --- [main] com.zaxxer.hikari.HikariDataSource       : HikariPool-1 - Shutdown initiated...
2021-11-08 15:39:12.172  INFO 13068 --- [main] com.zaxxer.hikari.HikariDataSource       : HikariPool-1 - Shutdown completed.
2021-11-08 15:39:22.232  INFO 7544 --- [RMI TCP Connection(43)-127.0.0.1] inMXBeanRegistrar$SpringApplicationAdmin : Application shutdown requested.
2021-11-08 15:39:22.495  INFO 7544 --- [RMI TCP Connection(43)-127.0.0.1] o.s.s.concurrent.ThreadPoolTaskExecutor  : Shutting down ExecutorService 'applicationTaskExecutor'
2021-11-08 15:39:22.515  INFO 7544 --- [RMI TCP Connection(43)-127.0.0.1] j.LocalContainerEntityManagerFactoryBean : Closing JPA EntityManagerFactory for persistence unit 'default'
2021-11-08 15:39:22.614  INFO 7544 --- [RMI TCP Connection(43)-127.0.0.1] com.zaxxer.hikari.HikariDataSource       : HikariPool-1 - Shutdown initiated...
2021-11-08 15:39:22.644  INFO 7544 --- [RMI TCP Connection(43)-127.0.0.1] com.zaxxer.hikari.HikariDataSource       : HikariPool-1 - Shutdown completed.
2021-11-08 15:39:27.713  INFO 12572 --- [main] SpringBootCoreDataJpaMvcRest1Application : Starting TimesheetSpringBootCoreDataJpaMvcRest1Application on DESKTOP-E0FQ2DM with PID 12572 (C:\Users\RANIA\Desktop\devops\Timesheet-spring-boot-core-data-jpa-mvc-REST-1\target\classes started by RANIA in C:\Users\RANIA\Desktop\devops\Timesheet-spring-boot-core-data-jpa-mvc-REST-1)
2021-11-08 15:39:27.718  INFO 12572 --- [main] SpringBootCoreDataJpaMvcRest1Application : No active profile set, falling back to default profiles: default
2021-11-08 15:39:29.242  INFO 12572 --- [main] .s.d.r.c.RepositoryConfigurationDelegate : Bootstrapping Spring Data repositories in DEFAULT mode.
2021-11-08 15:39:29.440  INFO 12572 --- [main] .s.d.r.c.RepositoryConfigurationDelegate : Finished Spring Data repository scanning in 185ms. Found 6 repository interfaces.
2021-11-08 15:39:29.910  INFO 12572 --- [main] trationDelegate$BeanPostProcessorChecker : Bean 'org.springframework.transaction.annotation.ProxyTransactionManagementConfiguration' of type [org.springframework.transaction.annotation.ProxyTransactionManagementConfiguration$$EnhancerBySpringCGLIB$$1d1c6d67] is not eligible for getting processed by all BeanPostProcessors (for example: not eligible for auto-proxying)
2021-11-08 15:39:30.404  INFO 12572 --- [main] o.s.b.w.embedded.tomcat.TomcatWebServer  : Tomcat initialized with port(s): 8082 (http)
2021-11-08 15:39:30.440  INFO 12572 --- [main] o.apache.catalina.core.StandardService   : Starting service [Tomcat]
2021-11-08 15:39:30.441  INFO 12572 --- [main] org.apache.catalina.core.StandardEngine  : Starting Servlet engine: [Apache Tomcat/9.0.17]
2021-11-08 15:39:30.682  INFO 12572 --- [main] o.a.c.c.C.[.[localhost].[/SpringMVC]     : Initializing Spring embedded WebApplicationContext
2021-11-08 15:39:30.682  INFO 12572 --- [main] o.s.web.context.ContextLoader            : Root WebApplicationContext: initialization completed in 2899 ms
2021-11-08 15:39:31.001  INFO 12572 --- [main] com.zaxxer.hikari.HikariDataSource       : HikariPool-1 - Starting...
2021-11-08 15:39:31.340  INFO 12572 --- [main] com.zaxxer.hikari.HikariDataSource       : HikariPool-1 - Start completed.
2021-11-08 15:39:31.521  INFO 12572 --- [main] o.hibernate.jpa.internal.util.LogHelper  : HHH000204: Processing PersistenceUnitInfo [
	name: default
	...]
2021-11-08 15:39:31.830  INFO 12572 --- [main] org.hibernate.Version                    : HHH000412: Hibernate Core {5.3.9.Final}
2021-11-08 15:39:31.834  INFO 12572 --- [main] org.hibernate.cfg.Environment            : HHH000206: hibernate.properties not found
2021-11-08 15:39:32.188  INFO 12572 --- [main] o.hibernate.annotations.common.Version   : HCANN000001: Hibernate Commons Annotations {5.0.4.Final}
2021-11-08 15:39:32.582  INFO 12572 --- [main] org.hibernate.dialect.Dialect            : HHH000400: Using dialect: org.hibernate.dialect.MySQL5Dialect
2021-11-08 15:39:34.876  INFO 12572 --- [main] j.LocalContainerEntityManagerFactoryBean : Initialized JPA EntityManagerFactory for persistence unit 'default'
2021-11-08 15:39:35.404  INFO 12572 --- [main] o.h.h.i.QueryTranslatorFactoryInitiator  : HHH000397: Using ASTQueryTranslatorFactory
2021-11-08 15:39:36.150  INFO 12572 --- [main] o.s.s.concurrent.ThreadPoolTaskExecutor  : Initializing ExecutorService 'applicationTaskExecutor'
2021-11-08 15:39:36.251  WARN 12572 --- [main] aWebConfiguration$JpaWebMvcConfiguration : spring.jpa.open-in-view is enabled by default. Therefore, database queries may be performed during view rendering. Explicitly configure spring.jpa.open-in-view to disable this warning
2021-11-08 15:39:36.571  INFO 12572 --- [main] o.s.b.w.embedded.tomcat.TomcatWebServer  : Tomcat started on port(s): 8082 (http) with context path '/SpringMVC'
2021-11-08 15:39:36.575  INFO 12572 --- [main] SpringBootCoreDataJpaMvcRest1Application : Started TimesheetSpringBootCoreDataJpaMvcRest1Application in 9.74 seconds (JVM running for 11.803)
2021-11-08 15:43:56.899  INFO 12572 --- [RMI TCP Connection(14)-127.0.0.1] inMXBeanRegistrar$SpringApplicationAdmin : Application shutdown requested.
2021-11-08 15:43:56.987  INFO 12572 --- [RMI TCP Connection(14)-127.0.0.1] o.s.s.concurrent.ThreadPoolTaskExecutor  : Shutting down ExecutorService 'applicationTaskExecutor'
2021-11-08 15:43:56.999  INFO 12572 --- [RMI TCP Connection(14)-127.0.0.1] j.LocalContainerEntityManagerFactoryBean : Closing JPA EntityManagerFactory for persistence unit 'default'
2021-11-08 15:43:57.040  INFO 12572 --- [RMI TCP Connection(14)-127.0.0.1] com.zaxxer.hikari.HikariDataSource       : HikariPool-1 - Shutdown initiated...
2021-11-08 15:43:57.069  INFO 12572 --- [RMI TCP Connection(14)-127.0.0.1] com.zaxxer.hikari.HikariDataSource       : HikariPool-1 - Shutdown completed.
2021-11-08 15:44:06.337  INFO 17860 --- [main] SpringBootCoreDataJpaMvcRest1Application : Starting TimesheetSpringBootCoreDataJpaMvcRest1Application on DESKTOP-E0FQ2DM with PID 17860 (C:\Users\RANIA\Desktop\devops\Timesheet-spring-boot-core-data-jpa-mvc-REST-1\target\classes started by RANIA in C:\Users\RANIA\Desktop\devops\Timesheet-spring-boot-core-data-jpa-mvc-REST-1)
2021-11-08 15:44:06.365  INFO 17860 --- [main] SpringBootCoreDataJpaMvcRest1Application : No active profile set, falling back to default profiles: default
2021-11-08 15:44:07.548  INFO 17860 --- [main] .s.d.r.c.RepositoryConfigurationDelegate : Bootstrapping Spring Data repositories in DEFAULT mode.
2021-11-08 15:44:07.772  INFO 17860 --- [main] .s.d.r.c.RepositoryConfigurationDelegate : Finished Spring Data repository scanning in 212ms. Found 6 repository interfaces.
2021-11-08 15:44:08.583  INFO 17860 --- [main] trationDelegate$BeanPostProcessorChecker : Bean 'org.springframework.transaction.annotation.ProxyTransactionManagementConfiguration' of type [org.springframework.transaction.annotation.ProxyTransactionManagementConfiguration$$EnhancerBySpringCGLIB$$93d5e69c] is not eligible for getting processed by all BeanPostProcessors (for example: not eligible for auto-proxying)
2021-11-08 15:44:09.241  INFO 17860 --- [main] o.s.b.w.embedded.tomcat.TomcatWebServer  : Tomcat initialized with port(s): 8082 (http)
2021-11-08 15:44:09.287  INFO 17860 --- [main] o.apache.catalina.core.StandardService   : Starting service [Tomcat]
2021-11-08 15:44:09.288  INFO 17860 --- [main] org.apache.catalina.core.StandardEngine  : Starting Servlet engine: [Apache Tomcat/9.0.17]
2021-11-08 15:44:09.686  INFO 17860 --- [main] o.a.c.c.C.[.[localhost].[/SpringMVC]     : Initializing Spring embedded WebApplicationContext
2021-11-08 15:44:09.686  INFO 17860 --- [main] o.s.web.context.ContextLoader            : Root WebApplicationContext: initialization completed in 3215 ms
2021-11-08 15:44:10.049  INFO 17860 --- [main] com.zaxxer.hikari.HikariDataSource       : HikariPool-1 - Starting...
2021-11-08 15:44:10.291  INFO 17860 --- [main] com.zaxxer.hikari.HikariDataSource       : HikariPool-1 - Start completed.
2021-11-08 15:44:10.504  INFO 17860 --- [main] o.hibernate.jpa.internal.util.LogHelper  : HHH000204: Processing PersistenceUnitInfo [
	name: default
	...]
2021-11-08 15:44:10.812  INFO 17860 --- [main] org.hibernate.Version                    : HHH000412: Hibernate Core {5.3.9.Final}
2021-11-08 15:44:10.815  INFO 17860 --- [main] org.hibernate.cfg.Environment            : HHH000206: hibernate.properties not found
2021-11-08 15:44:11.116  INFO 17860 --- [main] o.hibernate.annotations.common.Version   : HCANN000001: Hibernate Commons Annotations {5.0.4.Final}
2021-11-08 15:44:11.502  INFO 17860 --- [main] org.hibernate.dialect.Dialect            : HHH000400: Using dialect: org.hibernate.dialect.MySQL5Dialect
2021-11-08 15:44:13.510  INFO 17860 --- [main] j.LocalContainerEntityManagerFactoryBean : Initialized JPA EntityManagerFactory for persistence unit 'default'
2021-11-08 15:44:14.040  INFO 17860 --- [main] o.h.h.i.QueryTranslatorFactoryInitiator  : HHH000397: Using ASTQueryTranslatorFactory
2021-11-08 15:44:14.729  INFO 17860 --- [main] o.s.s.concurrent.ThreadPoolTaskExecutor  : Initializing ExecutorService 'applicationTaskExecutor'
2021-11-08 15:44:14.851  WARN 17860 --- [main] aWebConfiguration$JpaWebMvcConfiguration : spring.jpa.open-in-view is enabled by default. Therefore, database queries may be performed during view rendering. Explicitly configure spring.jpa.open-in-view to disable this warning
2021-11-08 15:44:15.141  INFO 17860 --- [main] o.s.b.w.embedded.tomcat.TomcatWebServer  : Tomcat started on port(s): 8082 (http) with context path '/SpringMVC'
